[1m============================= test session starts ==============================[0m
platform linux -- Python 3.14.7, pytest-9.1.1, pluggy-1.6.0 -- /usr/local/bin/python3
cachedir: .pytest_cache
rootdir: /backend
configfile: pytest.ini
testpaths: tests
plugins: asyncio-1.4.0, anyio-4.13.0
asyncio: mode=Mode.AUTO, debug=False, asyncio_default_fixture_loop_scope=None, asyncio_default_test_loop_scope=function
[1mcollecting ... [0m[1mcollecting 1 item                                                              [0m[1mcollected 7 items                                                              [0m

tests/test_integration.py::TestFileUpload::test_upload_file_returns_201_and_uploaded_status [32mPASSED[0m[32m [ 14%][0m
tests/test_integration.py::TestThreatScanning::test_safe_file_txt_gets_clean_scan [31mFAILED[0m[31m [ 28%][0m
tests/test_integration.py::TestThreatScanning::test_safe_file_txt_gets_clean_scan [31mERROR[0m[31m [ 28%][0m
tests/test_integration.py::TestThreatScanning::test_suspicious_file_exe_gets_suspicious_scan [31mFAILED[0m[31m [ 42%][0m
tests/test_integration.py::TestThreatScanning::test_suspicious_file_exe_gets_suspicious_scan [31mERROR[0m[31m [ 42%][0m
tests/test_integration.py::TestMetadataExtraction::test_text_file_metadata_contains_line_and_char_count [31mFAILED[0m[31m [ 57%][0m
tests/test_integration.py::TestMetadataExtraction::test_text_file_metadata_contains_line_and_char_count [31mERROR[0m[31m [ 57%][0m
tests/test_integration.py::TestAlertGeneration::test_alert_created_after_file_processing [31mFAILED[0m[31m [ 71%][0m
tests/test_integration.py::TestAlertGeneration::test_alert_created_after_file_processing [31mERROR[0m[31m [ 71%][0m
tests/test_integration.py::TestDownloadIntegrity::test_download_returns_identical_bytes [31mFAILED[0m[31m [ 85%][0m
tests/test_integration.py::TestDownloadIntegrity::test_download_returns_identical_bytes [31mERROR[0m[31m [ 85%][0m
tests/test_integration.py::TestDeleteRegression::test_delete_file_returns_204 [33mXFAIL[0m[31m [100%][0m
tests/test_integration.py::TestDeleteRegression::test_delete_file_returns_204 [33mXFAIL[0m[31m [100%][0m

==================================== ERRORS ====================================
[31m[1m__ ERROR at teardown of TestThreatScanning.test_safe_file_txt_gets_clean_scan __[0m

self = <AdaptedConnection <asyncpg.connection.Connection object at 0x718bc9461310>>

    [0m[94masync[39;49;00m [94mdef[39;49;00m[90m [39;49;00m[92m_start_transaction[39;49;00m([96mself[39;49;00m):[90m[39;49;00m
        [94mif[39;49;00m [96mself[39;49;00m.isolation_level == [33m"[39;49;00m[33mautocommit[39;49;00m[33m"[39;49;00m:[90m[39;49;00m
            [94mreturn[39;49;00m[90m[39;49;00m
    [90m[39;49;00m
        [94mtry[39;49;00m:[90m[39;49;00m
            [96mself[39;49;00m._transaction = [96mself[39;49;00m._connection.transaction([90m[39;49;00m
                isolation=[96mself[39;49;00m.isolation_level,[90m[39;49;00m
                readonly=[96mself[39;49;00m.readonly,[90m[39;49;00m
                deferrable=[96mself[39;49;00m.deferrable,[90m[39;49;00m
            )[90m[39;49;00m
>           [94mawait[39;49;00m [96mself[39;49;00m._transaction.start()[90m[39;49;00m

[1m[31m/usr/local/lib/python3.14/site-packages/sqlalchemy/dialects/postgresql/asyncpg.py[0m:848: 
_ _ _ _ _ _ _ _ _ _ _ _ _ _ _ _ _ _ _ _ _ _ _ _ _ _ _ _ _ _ _ _ _ _ _ _ _ _ _ _ 
[1m[31m/usr/local/lib/python3.14/site-packages/asyncpg/transaction.py[0m:146: in start
    [0m[94mawait[39;49;00m [96mself[39;49;00m._connection.execute(query)[90m[39;49;00m
[1m[31m/usr/local/lib/python3.14/site-packages/asyncpg/connection.py[0m:354: in execute
    [0mresult = [94mawait[39;49;00m [96mself[39;49;00m._protocol.query(query, timeout)[90m[39;49;00m
             ^^^^^^^^^^^^^^^^^^^^^^^^^^^^^^^^^^^^^^^^^^[90m[39;49;00m
[1m[31masyncpg/protocol/protocol.pyx[0m:354: in query
    [0m[96mself[39;49;00m._check_state()[90m[39;49;00m
_ _ _ _ _ _ _ _ _ _ _ _ _ _ _ _ _ _ _ _ _ _ _ _ _ _ _ _ _ _ _ _ _ _ _ _ _ _ _ _ 

>   [0m[94mraise[39;49;00m apg_exc.InterfaceError([90m[39;49;00m
[1m[31mE   asyncpg.exceptions._base.InterfaceError: cannot perform operation: another operation is in progress[0m

[1m[31masyncpg/protocol/protocol.pyx[0m:735: InterfaceError

[33mThe above exception was the direct cause of the following exception:[0m

self = <sqlalchemy.engine.base.Connection object at 0x718bc89070b0>
dialect = <sqlalchemy.dialects.postgresql.asyncpg.PGDialect_asyncpg object at 0x718bc9a40050>
context = <sqlalchemy.dialects.postgresql.asyncpg.PGExecutionContext_asyncpg object at 0x718bc888c9d0>
statement = <sqlalchemy.dialects.postgresql.asyncpg.PGCompiler_asyncpg object at 0x718bc95d16d0>
parameters = [()]

    [0m[94mdef[39;49;00m[90m [39;49;00m[92m_exec_single_context[39;49;00m([90m[39;49;00m
        [96mself[39;49;00m,[90m[39;49;00m
        dialect: Dialect,[90m[39;49;00m
        context: ExecutionContext,[90m[39;49;00m
        statement: Union[[96mstr[39;49;00m, Compiled],[90m[39;49;00m
        parameters: Optional[_AnyMultiExecuteParams],[90m[39;49;00m
    ) -> CursorResult[Any]:[90m[39;49;00m
    [90m    [39;49;00m[33m"""continue the _execute_context() method for a single DBAPI[39;49;00m
    [33m    cursor.execute() or cursor.executemany() call.[39;49;00m
    [33m[39;49;00m
    [33m    """[39;49;00m[90m[39;49;00m
        [94mif[39;49;00m dialect.bind_typing [95mis[39;49;00m BindTyping.SETINPUTSIZES:[90m[39;49;00m
            generic_setinputsizes = context._prepare_set_input_sizes()[90m[39;49;00m
    [90m[39;49;00m
            [94mif[39;49;00m generic_setinputsizes:[90m[39;49;00m
                [94mtry[39;49;00m:[90m[39;49;00m
                    dialect.do_set_input_sizes([90m[39;49;00m
                        context.cursor, generic_setinputsizes, context[90m[39;49;00m
                    )[90m[39;49;00m
                [94mexcept[39;49;00m [96mBaseException[39;49;00m [94mas[39;49;00m e:[90m[39;49;00m
                    [96mself[39;49;00m._handle_dbapi_exception([90m[39;49;00m
                        e, [96mstr[39;49;00m(statement), parameters, [94mNone[39;49;00m, context[90m[39;49;00m
                    )[90m[39;49;00m
    [90m[39;49;00m
        cursor, str_statement, parameters = ([90m[39;49;00m
            context.cursor,[90m[39;49;00m
            context.statement,[90m[39;49;00m
            context.parameters,[90m[39;49;00m
        )[90m[39;49;00m
    [90m[39;49;00m
        effective_parameters: Optional[_AnyExecuteParams][90m[39;49;00m
    [90m[39;49;00m
        [94mif[39;49;00m [95mnot[39;49;00m context.executemany:[90m[39;49;00m
            effective_parameters = parameters[[94m0[39;49;00m][90m[39;49;00m
        [94melse[39;49;00m:[90m[39;49;00m
            effective_parameters = parameters[90m[39;49;00m
    [90m[39;49;00m
        [94mif[39;49;00m [96mself[39;49;00m._has_events [95mor[39;49;00m [96mself[39;49;00m.engine._has_events:[90m[39;49;00m
            [94mfor[39;49;00m fn [95min[39;49;00m [96mself[39;49;00m.dispatch.before_cursor_execute:[90m[39;49;00m
                str_statement, effective_parameters = fn([90m[39;49;00m
                    [96mself[39;49;00m,[90m[39;49;00m
                    cursor,[90m[39;49;00m
                    str_statement,[90m[39;49;00m
                    effective_parameters,[90m[39;49;00m
                    context,[90m[39;49;00m
                    context.executemany,[90m[39;49;00m
                )[90m[39;49;00m
    [90m[39;49;00m
        [94mif[39;49;00m [96mself[39;49;00m._echo:[90m[39;49;00m
            [96mself[39;49;00m._log_info(str_statement)[90m[39;49;00m
    [90m[39;49;00m
            stats = context._get_cache_stats()[90m[39;49;00m
    [90m[39;49;00m
            [94mif[39;49;00m [95mnot[39;49;00m [96mself[39;49;00m.engine.hide_parameters:[90m[39;49;00m
                [96mself[39;49;00m._log_info([90m[39;49;00m
                    [33m"[39;49;00m[33m[[39;49;00m[33m%s[39;49;00m[33m] [39;49;00m[33m%r[39;49;00m[33m"[39;49;00m,[90m[39;49;00m
                    stats,[90m[39;49;00m
                    sql_util._repr_params([90m[39;49;00m
                        effective_parameters,[90m[39;49;00m
                        batches=[94m10[39;49;00m,[90m[39;49;00m
                        ismulti=context.executemany,[90m[39;49;00m
                    ),[90m[39;49;00m
                )[90m[39;49;00m
            [94melse[39;49;00m:[90m[39;49;00m
                [96mself[39;49;00m._log_info([90m[39;49;00m
                    [33m"[39;49;00m[33m[[39;49;00m[33m%s[39;49;00m[33m] [SQL parameters hidden due to hide_parameters=True][39;49;00m[33m"[39;49;00m,[90m[39;49;00m
                    stats,[90m[39;49;00m
                )[90m[39;49;00m
    [90m[39;49;00m
        evt_handled: [96mbool[39;49;00m = [94mFalse[39;49;00m[90m[39;49;00m
        [94mtry[39;49;00m:[90m[39;49;00m
            [94mif[39;49;00m context.execute_style [95mis[39;49;00m ExecuteStyle.EXECUTEMANY:[90m[39;49;00m
                effective_parameters = cast([90m[39;49;00m
                    [33m"[39;49;00m[33m_CoreMultiExecuteParams[39;49;00m[33m"[39;49;00m, effective_parameters[90m[39;49;00m
                )[90m[39;49;00m
                [94mif[39;49;00m [96mself[39;49;00m.dialect._has_events:[90m[39;49;00m
                    [94mfor[39;49;00m fn [95min[39;49;00m [96mself[39;49;00m.dialect.dispatch.do_executemany:[90m[39;49;00m
                        [94mif[39;49;00m fn([90m[39;49;00m
                            cursor,[90m[39;49;00m
                            str_statement,[90m[39;49;00m
                            effective_parameters,[90m[39;49;00m
                            context,[90m[39;49;00m
                        ):[90m[39;49;00m
                            evt_handled = [94mTrue[39;49;00m[90m[39;49;00m
                            [94mbreak[39;49;00m[90m[39;49;00m
                [94mif[39;49;00m [95mnot[39;49;00m evt_handled:[90m[39;49;00m
                    [96mself[39;49;00m.dialect.do_executemany([90m[39;49;00m
                        cursor,[90m[39;49;00m
                        str_statement,[90m[39;49;00m
                        effective_parameters,[90m[39;49;00m
                        context,[90m[39;49;00m
                    )[90m[39;49;00m
            [94melif[39;49;00m [95mnot[39;49;00m effective_parameters [95mand[39;49;00m context.no_parameters:[90m[39;49;00m
                [94mif[39;49;00m [96mself[39;49;00m.dialect._has_events:[90m[39;49;00m
                    [94mfor[39;49;00m fn [95min[39;49;00m [96mself[39;49;00m.dialect.dispatch.do_execute_no_params:[90m[39;49;00m
                        [94mif[39;49;00m fn(cursor, str_statement, context):[90m[39;49;00m
                            evt_handled = [94mTrue[39;49;00m[90m[39;49;00m
                            [94mbreak[39;49;00m[90m[39;49;00m
                [94mif[39;49;00m [95mnot[39;49;00m evt_handled:[90m[39;49;00m
                    [96mself[39;49;00m.dialect.do_execute_no_params([90m[39;49;00m
                        cursor, str_statement, context[90m[39;49;00m
                    )[90m[39;49;00m
            [94melse[39;49;00m:[90m[39;49;00m
                effective_parameters = cast([90m[39;49;00m
                    [33m"[39;49;00m[33m_CoreSingleExecuteParams[39;49;00m[33m"[39;49;00m, effective_parameters[90m[39;49;00m
                )[90m[39;49;00m
                [94mif[39;49;00m [96mself[39;49;00m.dialect._has_events:[90m[39;49;00m
                    [94mfor[39;49;00m fn [95min[39;49;00m [96mself[39;49;00m.dialect.dispatch.do_execute:[90m[39;49;00m
                        [94mif[39;49;00m fn([90m[39;49;00m
                            cursor,[90m[39;49;00m
                            str_statement,[90m[39;49;00m
                            effective_parameters,[90m[39;49;00m
                            context,[90m[39;49;00m
                        ):[90m[39;49;00m
                            evt_handled = [94mTrue[39;49;00m[90m[39;49;00m
                            [94mbreak[39;49;00m[90m[39;49;00m
                [94mif[39;49;00m [95mnot[39;49;00m evt_handled:[90m[39;49;00m
>                   [96mself[39;49;00m.dialect.do_execute([90m[39;49;00m
                        cursor, str_statement, effective_parameters, context[90m[39;49;00m
                    )[90m[39;49;00m

[1m[31m/usr/local/lib/python3.14/site-packages/sqlalchemy/engine/base.py[0m:1967: 
_ _ _ _ _ _ _ _ _ _ _ _ _ _ _ _ _ _ _ _ _ _ _ _ _ _ _ _ _ _ _ _ _ _ _ _ _ _ _ _ 
[1m[31m/usr/local/lib/python3.14/site-packages/sqlalchemy/engine/default.py[0m:952: in do_execute
    [0mcursor.execute(statement, parameters)[90m[39;49;00m
[1m[31m/usr/local/lib/python3.14/site-packages/sqlalchemy/dialects/postgresql/asyncpg.py[0m:585: in execute
    [0m[96mself[39;49;00m._adapt_connection.await_([90m[39;49;00m
[1m[31m/usr/local/lib/python3.14/site-packages/sqlalchemy/util/_concurrency_py3k.py[0m:132: in await_only
    [0m[94mreturn[39;49;00m current.parent.switch(awaitable)  [90m# type: ignore[no-any-return,attr-defined] # noqa: E501[39;49;00m[90m[39;49;00m
           ^^^^^^^^^^^^^^^^^^^^^^^^^^^^^^^^[90m[39;49;00m
[1m[31m/usr/local/lib/python3.14/site-packages/sqlalchemy/util/_concurrency_py3k.py[0m:196: in greenlet_spawn
    [0mvalue = [94mawait[39;49;00m result[90m[39;49;00m
            ^^^^^^^^^^^^[90m[39;49;00m
[1m[31m/usr/local/lib/python3.14/site-packages/sqlalchemy/dialects/postgresql/asyncpg.py[0m:520: in _prepare_and_execute
    [0m[94mawait[39;49;00m adapt_connection._start_transaction()[90m[39;49;00m
[1m[31m/usr/local/lib/python3.14/site-packages/sqlalchemy/dialects/postgresql/asyncpg.py[0m:850: in _start_transaction
    [0m[96mself[39;49;00m._handle_exception(error)[90m[39;49;00m
_ _ _ _ _ _ _ _ _ _ _ _ _ _ _ _ _ _ _ _ _ _ _ _ _ _ _ _ _ _ _ _ _ _ _ _ _ _ _ _ 

self = <AdaptedConnection <asyncpg.connection.Connection object at 0x718bc9461310>>
error = InterfaceError('cannot perform operation: another operation is in progress')

    [0m[94mdef[39;49;00m[90m [39;49;00m[92m_handle_exception[39;49;00m([96mself[39;49;00m, error):[90m[39;49;00m
        [94mif[39;49;00m [96mself[39;49;00m._connection.is_closed():[90m[39;49;00m
            [96mself[39;49;00m._transaction = [94mNone[39;49;00m[90m[39;49;00m
            [96mself[39;49;00m._started = [94mFalse[39;49;00m[90m[39;49;00m
    [90m[39;49;00m
        [94mif[39;49;00m [95mnot[39;49;00m [96misinstance[39;49;00m(error, AsyncAdapt_asyncpg_dbapi.Error):[90m[39;49;00m
            exception_mapping = [96mself[39;49;00m.dbapi._asyncpg_error_translate[90m[39;49;00m
    [90m[39;49;00m
            [94mfor[39;49;00m super_ [95min[39;49;00m [96mtype[39;49;00m(error).[91m__mro__[39;49;00m:[90m[39;49;00m
                [94mif[39;49;00m super_ [95min[39;49;00m exception_mapping:[90m[39;49;00m
                    translated_error = exception_mapping[super_]([90m[39;49;00m
                        [33m"[39;49;00m[33m%s[39;49;00m[33m: [39;49;00m[33m%s[39;49;00m[33m"[39;49;00m % ([96mtype[39;49;00m(error), error)[90m[39;49;00m
                    )[90m[39;49;00m
                    translated_error.pgcode = translated_error.sqlstate = ([90m[39;49;00m
                        [96mgetattr[39;49;00m(error, [33m"[39;49;00m[33msqlstate[39;49;00m[33m"[39;49;00m, [94mNone[39;49;00m)[90m[39;49;00m
                    )[90m[39;49;00m
>                   [94mraise[39;49;00m translated_error [94mfrom[39;49;00m[90m [39;49;00m[04m[96merror[39;49;00m[90m[39;49;00m
[1m[31mE                   sqlalchemy.dialects.postgresql.asyncpg.AsyncAdapt_asyncpg_dbapi.InterfaceError: <class 'asyncpg.exceptions._base.InterfaceError'>: cannot perform operation: another operation is in progress[0m

[1m[31m/usr/local/lib/python3.14/site-packages/sqlalchemy/dialects/postgresql/asyncpg.py[0m:797: InterfaceError

[33mThe above exception was the direct cause of the following exception:[0m

    [0m[37m@pytest[39;49;00m.fixture(autouse=[94mTrue[39;49;00m)[90m[39;49;00m
    [94masync[39;49;00m [94mdef[39;49;00m[90m [39;49;00m[92mcleanup_db[39;49;00m():[90m[39;49;00m
        [94myield[39;49;00m[90m[39;49;00m
        [94masync[39;49;00m [94mwith[39;49;00m async_session_maker() [94mas[39;49;00m session:[90m[39;49;00m
>           [94mawait[39;49;00m session.execute(delete(Alert))[90m[39;49;00m

[1m[31mtests/test_integration.py[0m:31: 
_ _ _ _ _ _ _ _ _ _ _ _ _ _ _ _ _ _ _ _ _ _ _ _ _ _ _ _ _ _ _ _ _ _ _ _ _ _ _ _ 
[1m[31m/usr/local/lib/python3.14/site-packages/sqlalchemy/ext/asyncio/session.py[0m:449: in execute
    [0mresult = [94mawait[39;49;00m greenlet_spawn([90m[39;49;00m
[1m[31m/usr/local/lib/python3.14/site-packages/sqlalchemy/util/_concurrency_py3k.py[0m:201: in greenlet_spawn
    [0mresult = context.throw(*sys.exc_info())[90m[39;49;00m
             ^^^^^^^^^^^^^^^^^^^^^^^^^^^^^^[90m[39;49;00m
[1m[31m/usr/local/lib/python3.14/site-packages/sqlalchemy/orm/session.py[0m:2351: in execute
    [0m[94mreturn[39;49;00m [96mself[39;49;00m._execute_internal([90m[39;49;00m
[1m[31m/usr/local/lib/python3.14/site-packages/sqlalchemy/orm/session.py[0m:2249: in _execute_internal
    [0mresult: Result[Any] = compile_state_cls.orm_execute_statement([90m[39;49;00m
[1m[31m/usr/local/lib/python3.14/site-packages/sqlalchemy/orm/bulk_persistence.py[0m:2033: in orm_execute_statement
    [0m[94mreturn[39;49;00m [96msuper[39;49;00m().orm_execute_statement([90m[39;49;00m
[1m[31m/usr/local/lib/python3.14/site-packages/sqlalchemy/orm/context.py[0m:306: in orm_execute_statement
    [0mresult = conn.execute([90m[39;49;00m
[1m[31m/usr/local/lib/python3.14/site-packages/sqlalchemy/engine/base.py[0m:1419: in execute
    [0m[94mreturn[39;49;00m meth([90m[39;49;00m
[1m[31m/usr/local/lib/python3.14/site-packages/sqlalchemy/sql/elements.py[0m:527: in _execute_on_connection
    [0m[94mreturn[39;49;00m connection._execute_clauseelement([90m[39;49;00m
[1m[31m/usr/local/lib/python3.14/site-packages/sqlalchemy/engine/base.py[0m:1641: in _execute_clauseelement
    [0mret = [96mself[39;49;00m._execute_context([90m[39;49;00m
[1m[31m/usr/local/lib/python3.14/site-packages/sqlalchemy/engine/base.py[0m:1846: in _execute_context
    [0m[94mreturn[39;49;00m [96mself[39;49;00m._exec_single_context([90m[39;49;00m
[1m[31m/usr/local/lib/python3.14/site-packages/sqlalchemy/engine/base.py[0m:1986: in _exec_single_context
    [0m[96mself[39;49;00m._handle_dbapi_exception([90m[39;49;00m
[1m[31m/usr/local/lib/python3.14/site-packages/sqlalchemy/engine/base.py[0m:2363: in _handle_dbapi_exception
    [0m[94mraise[39;49;00m sqlalchemy_exception.with_traceback(exc_info[[94m2[39;49;00m]) [94mfrom[39;49;00m[90m [39;49;00m[04m[96me[39;49;00m[90m[39;49;00m
[1m[31m/usr/local/lib/python3.14/site-packages/sqlalchemy/engine/base.py[0m:1967: in _exec_single_context
    [0m[96mself[39;49;00m.dialect.do_execute([90m[39;49;00m
[1m[31m/usr/local/lib/python3.14/site-packages/sqlalchemy/engine/default.py[0m:952: in do_execute
    [0mcursor.execute(statement, parameters)[90m[39;49;00m
[1m[31m/usr/local/lib/python3.14/site-packages/sqlalchemy/dialects/postgresql/asyncpg.py[0m:585: in execute
    [0m[96mself[39;49;00m._adapt_connection.await_([90m[39;49;00m
[1m[31m/usr/local/lib/python3.14/site-packages/sqlalchemy/util/_concurrency_py3k.py[0m:132: in await_only
    [0m[94mreturn[39;49;00m current.parent.switch(awaitable)  [90m# type: ignore[no-any-return,attr-defined] # noqa: E501[39;49;00m[90m[39;49;00m
           ^^^^^^^^^^^^^^^^^^^^^^^^^^^^^^^^[90m[39;49;00m
[1m[31m/usr/local/lib/python3.14/site-packages/sqlalchemy/util/_concurrency_py3k.py[0m:196: in greenlet_spawn
    [0mvalue = [94mawait[39;49;00m result[90m[39;49;00m
            ^^^^^^^^^^^^[90m[39;49;00m
[1m[31m/usr/local/lib/python3.14/site-packages/sqlalchemy/dialects/postgresql/asyncpg.py[0m:520: in _prepare_and_execute
    [0m[94mawait[39;49;00m adapt_connection._start_transaction()[90m[39;49;00m
[1m[31m/usr/local/lib/python3.14/site-packages/sqlalchemy/dialects/postgresql/asyncpg.py[0m:850: in _start_transaction
    [0m[96mself[39;49;00m._handle_exception(error)[90m[39;49;00m
_ _ _ _ _ _ _ _ _ _ _ _ _ _ _ _ _ _ _ _ _ _ _ _ _ _ _ _ _ _ _ _ _ _ _ _ _ _ _ _ 

self = <AdaptedConnection <asyncpg.connection.Connection object at 0x718bc9461310>>
error = InterfaceError('cannot perform operation: another operation is in progress')

    [0m[94mdef[39;49;00m[90m [39;49;00m[92m_handle_exception[39;49;00m([96mself[39;49;00m, error):[90m[39;49;00m
        [94mif[39;49;00m [96mself[39;49;00m._connection.is_closed():[90m[39;49;00m
            [96mself[39;49;00m._transaction = [94mNone[39;49;00m[90m[39;49;00m
            [96mself[39;49;00m._started = [94mFalse[39;49;00m[90m[39;49;00m
    [90m[39;49;00m
        [94mif[39;49;00m [95mnot[39;49;00m [96misinstance[39;49;00m(error, AsyncAdapt_asyncpg_dbapi.Error):[90m[39;49;00m
            exception_mapping = [96mself[39;49;00m.dbapi._asyncpg_error_translate[90m[39;49;00m
    [90m[39;49;00m
            [94mfor[39;49;00m super_ [95min[39;49;00m [96mtype[39;49;00m(error).[91m__mro__[39;49;00m:[90m[39;49;00m
                [94mif[39;49;00m super_ [95min[39;49;00m exception_mapping:[90m[39;49;00m
                    translated_error = exception_mapping[super_]([90m[39;49;00m
                        [33m"[39;49;00m[33m%s[39;49;00m[33m: [39;49;00m[33m%s[39;49;00m[33m"[39;49;00m % ([96mtype[39;49;00m(error), error)[90m[39;49;00m
                    )[90m[39;49;00m
                    translated_error.pgcode = translated_error.sqlstate = ([90m[39;49;00m
                        [96mgetattr[39;49;00m(error, [33m"[39;49;00m[33msqlstate[39;49;00m[33m"[39;49;00m, [94mNone[39;49;00m)[90m[39;49;00m
                    )[90m[39;49;00m
>                   [94mraise[39;49;00m translated_error [94mfrom[39;49;00m[90m [39;49;00m[04m[96merror[39;49;00m[90m[39;49;00m
[1m[31mE                   sqlalchemy.exc.InterfaceError: (sqlalchemy.dialects.postgresql.asyncpg.InterfaceError) <class 'asyncpg.exceptions._base.InterfaceError'>: cannot perform operation: another operation is in progress[0m
[1m[31mE                   [SQL: DELETE FROM alerts][0m
[1m[31mE                   (Background on this error at: https://sqlalche.me/e/20/rvf5)[0m

[1m[31m/usr/local/lib/python3.14/site-packages/sqlalchemy/dialects/postgresql/asyncpg.py[0m:797: InterfaceError
[31m[1m_ ERROR at teardown of TestThreatScanning.test_suspicious_file_exe_gets_suspicious_scan _[0m

self = <AdaptedConnection <asyncpg.connection.Connection object at 0x718bc9461310>>

    [0m[94masync[39;49;00m [94mdef[39;49;00m[90m [39;49;00m[92m_start_transaction[39;49;00m([96mself[39;49;00m):[90m[39;49;00m
        [94mif[39;49;00m [96mself[39;49;00m.isolation_level == [33m"[39;49;00m[33mautocommit[39;49;00m[33m"[39;49;00m:[90m[39;49;00m
            [94mreturn[39;49;00m[90m[39;49;00m
    [90m[39;49;00m
        [94mtry[39;49;00m:[90m[39;49;00m
            [96mself[39;49;00m._transaction = [96mself[39;49;00m._connection.transaction([90m[39;49;00m
                isolation=[96mself[39;49;00m.isolation_level,[90m[39;49;00m
                readonly=[96mself[39;49;00m.readonly,[90m[39;49;00m
                deferrable=[96mself[39;49;00m.deferrable,[90m[39;49;00m
            )[90m[39;49;00m
>           [94mawait[39;49;00m [96mself[39;49;00m._transaction.start()[90m[39;49;00m

[1m[31m/usr/local/lib/python3.14/site-packages/sqlalchemy/dialects/postgresql/asyncpg.py[0m:848: 
_ _ _ _ _ _ _ _ _ _ _ _ _ _ _ _ _ _ _ _ _ _ _ _ _ _ _ _ _ _ _ _ _ _ _ _ _ _ _ _ 
[1m[31m/usr/local/lib/python3.14/site-packages/asyncpg/transaction.py[0m:146: in start
    [0m[94mawait[39;49;00m [96mself[39;49;00m._connection.execute(query)[90m[39;49;00m
[1m[31m/usr/local/lib/python3.14/site-packages/asyncpg/connection.py[0m:354: in execute
    [0mresult = [94mawait[39;49;00m [96mself[39;49;00m._protocol.query(query, timeout)[90m[39;49;00m
             ^^^^^^^^^^^^^^^^^^^^^^^^^^^^^^^^^^^^^^^^^^[90m[39;49;00m
[1m[31masyncpg/protocol/protocol.pyx[0m:354: in query
    [0m[96mself[39;49;00m._check_state()[90m[39;49;00m
_ _ _ _ _ _ _ _ _ _ _ _ _ _ _ _ _ _ _ _ _ _ _ _ _ _ _ _ _ _ _ _ _ _ _ _ _ _ _ _ 

>   [0m[94mraise[39;49;00m apg_exc.InterfaceError([90m[39;49;00m
[1m[31mE   asyncpg.exceptions._base.InterfaceError: cannot perform operation: another operation is in progress[0m

[1m[31masyncpg/protocol/protocol.pyx[0m:735: InterfaceError

[33mThe above exception was the direct cause of the following exception:[0m

self = <sqlalchemy.engine.base.Connection object at 0x718bc880b790>
dialect = <sqlalchemy.dialects.postgresql.asyncpg.PGDialect_asyncpg object at 0x718bc9a40050>
context = <sqlalchemy.dialects.postgresql.asyncpg.PGExecutionContext_asyncpg object at 0x718bc888e8b0>
statement = <sqlalchemy.dialects.postgresql.asyncpg.PGCompiler_asyncpg object at 0x718bc95d16d0>
parameters = [()]

    [0m[94mdef[39;49;00m[90m [39;49;00m[92m_exec_single_context[39;49;00m([90m[39;49;00m
        [96mself[39;49;00m,[90m[39;49;00m
        dialect: Dialect,[90m[39;49;00m
        context: ExecutionContext,[90m[39;49;00m
        statement: Union[[96mstr[39;49;00m, Compiled],[90m[39;49;00m
        parameters: Optional[_AnyMultiExecuteParams],[90m[39;49;00m
    ) -> CursorResult[Any]:[90m[39;49;00m
    [90m    [39;49;00m[33m"""continue the _execute_context() method for a single DBAPI[39;49;00m
    [33m    cursor.execute() or cursor.executemany() call.[39;49;00m
    [33m[39;49;00m
    [33m    """[39;49;00m[90m[39;49;00m
        [94mif[39;49;00m dialect.bind_typing [95mis[39;49;00m BindTyping.SETINPUTSIZES:[90m[39;49;00m
            generic_setinputsizes = context._prepare_set_input_sizes()[90m[39;49;00m
    [90m[39;49;00m
            [94mif[39;49;00m generic_setinputsizes:[90m[39;49;00m
                [94mtry[39;49;00m:[90m[39;49;00m
                    dialect.do_set_input_sizes([90m[39;49;00m
                        context.cursor, generic_setinputsizes, context[90m[39;49;00m
                    )[90m[39;49;00m
                [94mexcept[39;49;00m [96mBaseException[39;49;00m [94mas[39;49;00m e:[90m[39;49;00m
                    [96mself[39;49;00m._handle_dbapi_exception([90m[39;49;00m
                        e, [96mstr[39;49;00m(statement), parameters, [94mNone[39;49;00m, context[90m[39;49;00m
                    )[90m[39;49;00m
    [90m[39;49;00m
        cursor, str_statement, parameters = ([90m[39;49;00m
            context.cursor,[90m[39;49;00m
            context.statement,[90m[39;49;00m
            context.parameters,[90m[39;49;00m
        )[90m[39;49;00m
    [90m[39;49;00m
        effective_parameters: Optional[_AnyExecuteParams][90m[39;49;00m
    [90m[39;49;00m
        [94mif[39;49;00m [95mnot[39;49;00m context.executemany:[90m[39;49;00m
            effective_parameters = parameters[[94m0[39;49;00m][90m[39;49;00m
        [94melse[39;49;00m:[90m[39;49;00m
            effective_parameters = parameters[90m[39;49;00m
    [90m[39;49;00m
        [94mif[39;49;00m [96mself[39;49;00m._has_events [95mor[39;49;00m [96mself[39;49;00m.engine._has_events:[90m[39;49;00m
            [94mfor[39;49;00m fn [95min[39;49;00m [96mself[39;49;00m.dispatch.before_cursor_execute:[90m[39;49;00m
                str_statement, effective_parameters = fn([90m[39;49;00m
                    [96mself[39;49;00m,[90m[39;49;00m
                    cursor,[90m[39;49;00m
                    str_statement,[90m[39;49;00m
                    effective_parameters,[90m[39;49;00m
                    context,[90m[39;49;00m
                    context.executemany,[90m[39;49;00m
                )[90m[39;49;00m
    [90m[39;49;00m
        [94mif[39;49;00m [96mself[39;49;00m._echo:[90m[39;49;00m
            [96mself[39;49;00m._log_info(str_statement)[90m[39;49;00m
    [90m[39;49;00m
            stats = context._get_cache_stats()[90m[39;49;00m
    [90m[39;49;00m
            [94mif[39;49;00m [95mnot[39;49;00m [96mself[39;49;00m.engine.hide_parameters:[90m[39;49;00m
                [96mself[39;49;00m._log_info([90m[39;49;00m
                    [33m"[39;49;00m[33m[[39;49;00m[33m%s[39;49;00m[33m] [39;49;00m[33m%r[39;49;00m[33m"[39;49;00m,[90m[39;49;00m
                    stats,[90m[39;49;00m
                    sql_util._repr_params([90m[39;49;00m
                        effective_parameters,[90m[39;49;00m
                        batches=[94m10[39;49;00m,[90m[39;49;00m
                        ismulti=context.executemany,[90m[39;49;00m
                    ),[90m[39;49;00m
                )[90m[39;49;00m
            [94melse[39;49;00m:[90m[39;49;00m
                [96mself[39;49;00m._log_info([90m[39;49;00m
                    [33m"[39;49;00m[33m[[39;49;00m[33m%s[39;49;00m[33m] [SQL parameters hidden due to hide_parameters=True][39;49;00m[33m"[39;49;00m,[90m[39;49;00m
                    stats,[90m[39;49;00m
                )[90m[39;49;00m
    [90m[39;49;00m
        evt_handled: [96mbool[39;49;00m = [94mFalse[39;49;00m[90m[39;49;00m
        [94mtry[39;49;00m:[90m[39;49;00m
            [94mif[39;49;00m context.execute_style [95mis[39;49;00m ExecuteStyle.EXECUTEMANY:[90m[39;49;00m
                effective_parameters = cast([90m[39;49;00m
                    [33m"[39;49;00m[33m_CoreMultiExecuteParams[39;49;00m[33m"[39;49;00m, effective_parameters[90m[39;49;00m
                )[90m[39;49;00m
                [94mif[39;49;00m [96mself[39;49;00m.dialect._has_events:[90m[39;49;00m
                    [94mfor[39;49;00m fn [95min[39;49;00m [96mself[39;49;00m.dialect.dispatch.do_executemany:[90m[39;49;00m
                        [94mif[39;49;00m fn([90m[39;49;00m
                            cursor,[90m[39;49;00m
                            str_statement,[90m[39;49;00m
                            effective_parameters,[90m[39;49;00m
                            context,[90m[39;49;00m
                        ):[90m[39;49;00m
                            evt_handled = [94mTrue[39;49;00m[90m[39;49;00m
                            [94mbreak[39;49;00m[90m[39;49;00m
                [94mif[39;49;00m [95mnot[39;49;00m evt_handled:[90m[39;49;00m
                    [96mself[39;49;00m.dialect.do_executemany([90m[39;49;00m
                        cursor,[90m[39;49;00m
                        str_statement,[90m[39;49;00m
                        effective_parameters,[90m[39;49;00m
                        context,[90m[39;49;00m
                    )[90m[39;49;00m
            [94melif[39;49;00m [95mnot[39;49;00m effective_parameters [95mand[39;49;00m context.no_parameters:[90m[39;49;00m
                [94mif[39;49;00m [96mself[39;49;00m.dialect._has_events:[90m[39;49;00m
                    [94mfor[39;49;00m fn [95min[39;49;00m [96mself[39;49;00m.dialect.dispatch.do_execute_no_params:[90m[39;49;00m
                        [94mif[39;49;00m fn(cursor, str_statement, context):[90m[39;49;00m
                            evt_handled = [94mTrue[39;49;00m[90m[39;49;00m
                            [94mbreak[39;49;00m[90m[39;49;00m
                [94mif[39;49;00m [95mnot[39;49;00m evt_handled:[90m[39;49;00m
                    [96mself[39;49;00m.dialect.do_execute_no_params([90m[39;49;00m
                        cursor, str_statement, context[90m[39;49;00m
                    )[90m[39;49;00m
            [94melse[39;49;00m:[90m[39;49;00m
                effective_parameters = cast([90m[39;49;00m
                    [33m"[39;49;00m[33m_CoreSingleExecuteParams[39;49;00m[33m"[39;49;00m, effective_parameters[90m[39;49;00m
                )[90m[39;49;00m
                [94mif[39;49;00m [96mself[39;49;00m.dialect._has_events:[90m[39;49;00m
                    [94mfor[39;49;00m fn [95min[39;49;00m [96mself[39;49;00m.dialect.dispatch.do_execute:[90m[39;49;00m
                        [94mif[39;49;00m fn([90m[39;49;00m
                            cursor,[90m[39;49;00m
                            str_statement,[90m[39;49;00m
                            effective_parameters,[90m[39;49;00m
                            context,[90m[39;49;00m
                        ):[90m[39;49;00m
                            evt_handled = [94mTrue[39;49;00m[90m[39;49;00m
                            [94mbreak[39;49;00m[90m[39;49;00m
                [94mif[39;49;00m [95mnot[39;49;00m evt_handled:[90m[39;49;00m
>                   [96mself[39;49;00m.dialect.do_execute([90m[39;49;00m
                        cursor, str_statement, effective_parameters, context[90m[39;49;00m
                    )[90m[39;49;00m

[1m[31m/usr/local/lib/python3.14/site-packages/sqlalchemy/engine/base.py[0m:1967: 
_ _ _ _ _ _ _ _ _ _ _ _ _ _ _ _ _ _ _ _ _ _ _ _ _ _ _ _ _ _ _ _ _ _ _ _ _ _ _ _ 
[1m[31m/usr/local/lib/python3.14/site-packages/sqlalchemy/engine/default.py[0m:952: in do_execute
    [0mcursor.execute(statement, parameters)[90m[39;49;00m
[1m[31m/usr/local/lib/python3.14/site-packages/sqlalchemy/dialects/postgresql/asyncpg.py[0m:585: in execute
    [0m[96mself[39;49;00m._adapt_connection.await_([90m[39;49;00m
[1m[31m/usr/local/lib/python3.14/site-packages/sqlalchemy/util/_concurrency_py3k.py[0m:132: in await_only
    [0m[94mreturn[39;49;00m current.parent.switch(awaitable)  [90m# type: ignore[no-any-return,attr-defined] # noqa: E501[39;49;00m[90m[39;49;00m
           ^^^^^^^^^^^^^^^^^^^^^^^^^^^^^^^^[90m[39;49;00m
[1m[31m/usr/local/lib/python3.14/site-packages/sqlalchemy/util/_concurrency_py3k.py[0m:196: in greenlet_spawn
    [0mvalue = [94mawait[39;49;00m result[90m[39;49;00m
            ^^^^^^^^^^^^[90m[39;49;00m
[1m[31m/usr/local/lib/python3.14/site-packages/sqlalchemy/dialects/postgresql/asyncpg.py[0m:520: in _prepare_and_execute
    [0m[94mawait[39;49;00m adapt_connection._start_transaction()[90m[39;49;00m
[1m[31m/usr/local/lib/python3.14/site-packages/sqlalchemy/dialects/postgresql/asyncpg.py[0m:850: in _start_transaction
    [0m[96mself[39;49;00m._handle_exception(error)[90m[39;49;00m
_ _ _ _ _ _ _ _ _ _ _ _ _ _ _ _ _ _ _ _ _ _ _ _ _ _ _ _ _ _ _ _ _ _ _ _ _ _ _ _ 

self = <AdaptedConnection <asyncpg.connection.Connection object at 0x718bc9461310>>
error = InterfaceError('cannot perform operation: another operation is in progress')

    [0m[94mdef[39;49;00m[90m [39;49;00m[92m_handle_exception[39;49;00m([96mself[39;49;00m, error):[90m[39;49;00m
        [94mif[39;49;00m [96mself[39;49;00m._connection.is_closed():[90m[39;49;00m
            [96mself[39;49;00m._transaction = [94mNone[39;49;00m[90m[39;49;00m
            [96mself[39;49;00m._started = [94mFalse[39;49;00m[90m[39;49;00m
    [90m[39;49;00m
        [94mif[39;49;00m [95mnot[39;49;00m [96misinstance[39;49;00m(error, AsyncAdapt_asyncpg_dbapi.Error):[90m[39;49;00m
            exception_mapping = [96mself[39;49;00m.dbapi._asyncpg_error_translate[90m[39;49;00m
    [90m[39;49;00m
            [94mfor[39;49;00m super_ [95min[39;49;00m [96mtype[39;49;00m(error).[91m__mro__[39;49;00m:[90m[39;49;00m
                [94mif[39;49;00m super_ [95min[39;49;00m exception_mapping:[90m[39;49;00m
                    translated_error = exception_mapping[super_]([90m[39;49;00m
                        [33m"[39;49;00m[33m%s[39;49;00m[33m: [39;49;00m[33m%s[39;49;00m[33m"[39;49;00m % ([96mtype[39;49;00m(error), error)[90m[39;49;00m
                    )[90m[39;49;00m
                    translated_error.pgcode = translated_error.sqlstate = ([90m[39;49;00m
                        [96mgetattr[39;49;00m(error, [33m"[39;49;00m[33msqlstate[39;49;00m[33m"[39;49;00m, [94mNone[39;49;00m)[90m[39;49;00m
                    )[90m[39;49;00m
>                   [94mraise[39;49;00m translated_error [94mfrom[39;49;00m[90m [39;49;00m[04m[96merror[39;49;00m[90m[39;49;00m
[1m[31mE                   sqlalchemy.dialects.postgresql.asyncpg.AsyncAdapt_asyncpg_dbapi.InterfaceError: <class 'asyncpg.exceptions._base.InterfaceError'>: cannot perform operation: another operation is in progress[0m

[1m[31m/usr/local/lib/python3.14/site-packages/sqlalchemy/dialects/postgresql/asyncpg.py[0m:797: InterfaceError

[33mThe above exception was the direct cause of the following exception:[0m

    [0m[37m@pytest[39;49;00m.fixture(autouse=[94mTrue[39;49;00m)[90m[39;49;00m
    [94masync[39;49;00m [94mdef[39;49;00m[90m [39;49;00m[92mcleanup_db[39;49;00m():[90m[39;49;00m
        [94myield[39;49;00m[90m[39;49;00m
        [94masync[39;49;00m [94mwith[39;49;00m async_session_maker() [94mas[39;49;00m session:[90m[39;49;00m
>           [94mawait[39;49;00m session.execute(delete(Alert))[90m[39;49;00m

[1m[31mtests/test_integration.py[0m:31: 
_ _ _ _ _ _ _ _ _ _ _ _ _ _ _ _ _ _ _ _ _ _ _ _ _ _ _ _ _ _ _ _ _ _ _ _ _ _ _ _ 
[1m[31m/usr/local/lib/python3.14/site-packages/sqlalchemy/ext/asyncio/session.py[0m:449: in execute
    [0mresult = [94mawait[39;49;00m greenlet_spawn([90m[39;49;00m
[1m[31m/usr/local/lib/python3.14/site-packages/sqlalchemy/util/_concurrency_py3k.py[0m:201: in greenlet_spawn
    [0mresult = context.throw(*sys.exc_info())[90m[39;49;00m
             ^^^^^^^^^^^^^^^^^^^^^^^^^^^^^^[90m[39;49;00m
[1m[31m/usr/local/lib/python3.14/site-packages/sqlalchemy/orm/session.py[0m:2351: in execute
    [0m[94mreturn[39;49;00m [96mself[39;49;00m._execute_internal([90m[39;49;00m
[1m[31m/usr/local/lib/python3.14/site-packages/sqlalchemy/orm/session.py[0m:2249: in _execute_internal
    [0mresult: Result[Any] = compile_state_cls.orm_execute_statement([90m[39;49;00m
[1m[31m/usr/local/lib/python3.14/site-packages/sqlalchemy/orm/bulk_persistence.py[0m:2033: in orm_execute_statement
    [0m[94mreturn[39;49;00m [96msuper[39;49;00m().orm_execute_statement([90m[39;49;00m
[1m[31m/usr/local/lib/python3.14/site-packages/sqlalchemy/orm/context.py[0m:306: in orm_execute_statement
    [0mresult = conn.execute([90m[39;49;00m
[1m[31m/usr/local/lib/python3.14/site-packages/sqlalchemy/engine/base.py[0m:1419: in execute
    [0m[94mreturn[39;49;00m meth([90m[39;49;00m
[1m[31m/usr/local/lib/python3.14/site-packages/sqlalchemy/sql/elements.py[0m:527: in _execute_on_connection
    [0m[94mreturn[39;49;00m connection._execute_clauseelement([90m[39;49;00m
[1m[31m/usr/local/lib/python3.14/site-packages/sqlalchemy/engine/base.py[0m:1641: in _execute_clauseelement
    [0mret = [96mself[39;49;00m._execute_context([90m[39;49;00m
[1m[31m/usr/local/lib/python3.14/site-packages/sqlalchemy/engine/base.py[0m:1846: in _execute_context
    [0m[94mreturn[39;49;00m [96mself[39;49;00m._exec_single_context([90m[39;49;00m
[1m[31m/usr/local/lib/python3.14/site-packages/sqlalchemy/engine/base.py[0m:1986: in _exec_single_context
    [0m[96mself[39;49;00m._handle_dbapi_exception([90m[39;49;00m
[1m[31m/usr/local/lib/python3.14/site-packages/sqlalchemy/engine/base.py[0m:2363: in _handle_dbapi_exception
    [0m[94mraise[39;49;00m sqlalchemy_exception.with_traceback(exc_info[[94m2[39;49;00m]) [94mfrom[39;49;00m[90m [39;49;00m[04m[96me[39;49;00m[90m[39;49;00m
[1m[31m/usr/local/lib/python3.14/site-packages/sqlalchemy/engine/base.py[0m:1967: in _exec_single_context
    [0m[96mself[39;49;00m.dialect.do_execute([90m[39;49;00m
[1m[31m/usr/local/lib/python3.14/site-packages/sqlalchemy/engine/default.py[0m:952: in do_execute
    [0mcursor.execute(statement, parameters)[90m[39;49;00m
[1m[31m/usr/local/lib/python3.14/site-packages/sqlalchemy/dialects/postgresql/asyncpg.py[0m:585: in execute
    [0m[96mself[39;49;00m._adapt_connection.await_([90m[39;49;00m
[1m[31m/usr/local/lib/python3.14/site-packages/sqlalchemy/util/_concurrency_py3k.py[0m:132: in await_only
    [0m[94mreturn[39;49;00m current.parent.switch(awaitable)  [90m# type: ignore[no-any-return,attr-defined] # noqa: E501[39;49;00m[90m[39;49;00m
           ^^^^^^^^^^^^^^^^^^^^^^^^^^^^^^^^[90m[39;49;00m
[1m[31m/usr/local/lib/python3.14/site-packages/sqlalchemy/util/_concurrency_py3k.py[0m:196: in greenlet_spawn
    [0mvalue = [94mawait[39;49;00m result[90m[39;49;00m
            ^^^^^^^^^^^^[90m[39;49;00m
[1m[31m/usr/local/lib/python3.14/site-packages/sqlalchemy/dialects/postgresql/asyncpg.py[0m:520: in _prepare_and_execute
    [0m[94mawait[39;49;00m adapt_connection._start_transaction()[90m[39;49;00m
[1m[31m/usr/local/lib/python3.14/site-packages/sqlalchemy/dialects/postgresql/asyncpg.py[0m:850: in _start_transaction
    [0m[96mself[39;49;00m._handle_exception(error)[90m[39;49;00m
_ _ _ _ _ _ _ _ _ _ _ _ _ _ _ _ _ _ _ _ _ _ _ _ _ _ _ _ _ _ _ _ _ _ _ _ _ _ _ _ 

self = <AdaptedConnection <asyncpg.connection.Connection object at 0x718bc9461310>>
error = InterfaceError('cannot perform operation: another operation is in progress')

    [0m[94mdef[39;49;00m[90m [39;49;00m[92m_handle_exception[39;49;00m([96mself[39;49;00m, error):[90m[39;49;00m
        [94mif[39;49;00m [96mself[39;49;00m._connection.is_closed():[90m[39;49;00m
            [96mself[39;49;00m._transaction = [94mNone[39;49;00m[90m[39;49;00m
            [96mself[39;49;00m._started = [94mFalse[39;49;00m[90m[39;49;00m
    [90m[39;49;00m
        [94mif[39;49;00m [95mnot[39;49;00m [96misinstance[39;49;00m(error, AsyncAdapt_asyncpg_dbapi.Error):[90m[39;49;00m
            exception_mapping = [96mself[39;49;00m.dbapi._asyncpg_error_translate[90m[39;49;00m
    [90m[39;49;00m
            [94mfor[39;49;00m super_ [95min[39;49;00m [96mtype[39;49;00m(error).[91m__mro__[39;49;00m:[90m[39;49;00m
                [94mif[39;49;00m super_ [95min[39;49;00m exception_mapping:[90m[39;49;00m
                    translated_error = exception_mapping[super_]([90m[39;49;00m
                        [33m"[39;49;00m[33m%s[39;49;00m[33m: [39;49;00m[33m%s[39;49;00m[33m"[39;49;00m % ([96mtype[39;49;00m(error), error)[90m[39;49;00m
                    )[90m[39;49;00m
                    translated_error.pgcode = translated_error.sqlstate = ([90m[39;49;00m
                        [96mgetattr[39;49;00m(error, [33m"[39;49;00m[33msqlstate[39;49;00m[33m"[39;49;00m, [94mNone[39;49;00m)[90m[39;49;00m
                    )[90m[39;49;00m
>                   [94mraise[39;49;00m translated_error [94mfrom[39;49;00m[90m [39;49;00m[04m[96merror[39;49;00m[90m[39;49;00m
[1m[31mE                   sqlalchemy.exc.InterfaceError: (sqlalchemy.dialects.postgresql.asyncpg.InterfaceError) <class 'asyncpg.exceptions._base.InterfaceError'>: cannot perform operation: another operation is in progress[0m
[1m[31mE                   [SQL: DELETE FROM alerts][0m
[1m[31mE                   (Background on this error at: https://sqlalche.me/e/20/rvf5)[0m

[1m[31m/usr/local/lib/python3.14/site-packages/sqlalchemy/dialects/postgresql/asyncpg.py[0m:797: InterfaceError
[31m[1m_ ERROR at teardown of TestMetadataExtraction.test_text_file_metadata_contains_line_and_char_count _[0m

self = <AdaptedConnection <asyncpg.connection.Connection object at 0x718bc9461310>>

    [0m[94masync[39;49;00m [94mdef[39;49;00m[90m [39;49;00m[92m_start_transaction[39;49;00m([96mself[39;49;00m):[90m[39;49;00m
        [94mif[39;49;00m [96mself[39;49;00m.isolation_level == [33m"[39;49;00m[33mautocommit[39;49;00m[33m"[39;49;00m:[90m[39;49;00m
            [94mreturn[39;49;00m[90m[39;49;00m
    [90m[39;49;00m
        [94mtry[39;49;00m:[90m[39;49;00m
            [96mself[39;49;00m._transaction = [96mself[39;49;00m._connection.transaction([90m[39;49;00m
                isolation=[96mself[39;49;00m.isolation_level,[90m[39;49;00m
                readonly=[96mself[39;49;00m.readonly,[90m[39;49;00m
                deferrable=[96mself[39;49;00m.deferrable,[90m[39;49;00m
            )[90m[39;49;00m
>           [94mawait[39;49;00m [96mself[39;49;00m._transaction.start()[90m[39;49;00m

[1m[31m/usr/local/lib/python3.14/site-packages/sqlalchemy/dialects/postgresql/asyncpg.py[0m:848: 
_ _ _ _ _ _ _ _ _ _ _ _ _ _ _ _ _ _ _ _ _ _ _ _ _ _ _ _ _ _ _ _ _ _ _ _ _ _ _ _ 
[1m[31m/usr/local/lib/python3.14/site-packages/asyncpg/transaction.py[0m:146: in start
    [0m[94mawait[39;49;00m [96mself[39;49;00m._connection.execute(query)[90m[39;49;00m
[1m[31m/usr/local/lib/python3.14/site-packages/asyncpg/connection.py[0m:354: in execute
    [0mresult = [94mawait[39;49;00m [96mself[39;49;00m._protocol.query(query, timeout)[90m[39;49;00m
             ^^^^^^^^^^^^^^^^^^^^^^^^^^^^^^^^^^^^^^^^^^[90m[39;49;00m
[1m[31masyncpg/protocol/protocol.pyx[0m:354: in query
    [0m[96mself[39;49;00m._check_state()[90m[39;49;00m
_ _ _ _ _ _ _ _ _ _ _ _ _ _ _ _ _ _ _ _ _ _ _ _ _ _ _ _ _ _ _ _ _ _ _ _ _ _ _ _ 

>   [0m[94mraise[39;49;00m apg_exc.InterfaceError([90m[39;49;00m
[1m[31mE   asyncpg.exceptions._base.InterfaceError: cannot perform operation: another operation is in progress[0m

[1m[31masyncpg/protocol/protocol.pyx[0m:735: InterfaceError

[33mThe above exception was the direct cause of the following exception:[0m

self = <sqlalchemy.engine.base.Connection object at 0x718bc80df450>
dialect = <sqlalchemy.dialects.postgresql.asyncpg.PGDialect_asyncpg object at 0x718bc9a40050>
context = <sqlalchemy.dialects.postgresql.asyncpg.PGExecutionContext_asyncpg object at 0x718bc804d350>
statement = <sqlalchemy.dialects.postgresql.asyncpg.PGCompiler_asyncpg object at 0x718bc95d16d0>
parameters = [()]

    [0m[94mdef[39;49;00m[90m [39;49;00m[92m_exec_single_context[39;49;00m([90m[39;49;00m
        [96mself[39;49;00m,[90m[39;49;00m
        dialect: Dialect,[90m[39;49;00m
        context: ExecutionContext,[90m[39;49;00m
        statement: Union[[96mstr[39;49;00m, Compiled],[90m[39;49;00m
        parameters: Optional[_AnyMultiExecuteParams],[90m[39;49;00m
    ) -> CursorResult[Any]:[90m[39;49;00m
    [90m    [39;49;00m[33m"""continue the _execute_context() method for a single DBAPI[39;49;00m
    [33m    cursor.execute() or cursor.executemany() call.[39;49;00m
    [33m[39;49;00m
    [33m    """[39;49;00m[90m[39;49;00m
        [94mif[39;49;00m dialect.bind_typing [95mis[39;49;00m BindTyping.SETINPUTSIZES:[90m[39;49;00m
            generic_setinputsizes = context._prepare_set_input_sizes()[90m[39;49;00m
    [90m[39;49;00m
            [94mif[39;49;00m generic_setinputsizes:[90m[39;49;00m
                [94mtry[39;49;00m:[90m[39;49;00m
                    dialect.do_set_input_sizes([90m[39;49;00m
                        context.cursor, generic_setinputsizes, context[90m[39;49;00m
                    )[90m[39;49;00m
                [94mexcept[39;49;00m [96mBaseException[39;49;00m [94mas[39;49;00m e:[90m[39;49;00m
                    [96mself[39;49;00m._handle_dbapi_exception([90m[39;49;00m
                        e, [96mstr[39;49;00m(statement), parameters, [94mNone[39;49;00m, context[90m[39;49;00m
                    )[90m[39;49;00m
    [90m[39;49;00m
        cursor, str_statement, parameters = ([90m[39;49;00m
            context.cursor,[90m[39;49;00m
            context.statement,[90m[39;49;00m
            context.parameters,[90m[39;49;00m
        )[90m[39;49;00m
    [90m[39;49;00m
        effective_parameters: Optional[_AnyExecuteParams][90m[39;49;00m
    [90m[39;49;00m
        [94mif[39;49;00m [95mnot[39;49;00m context.executemany:[90m[39;49;00m
            effective_parameters = parameters[[94m0[39;49;00m][90m[39;49;00m
        [94melse[39;49;00m:[90m[39;49;00m
            effective_parameters = parameters[90m[39;49;00m
    [90m[39;49;00m
        [94mif[39;49;00m [96mself[39;49;00m._has_events [95mor[39;49;00m [96mself[39;49;00m.engine._has_events:[90m[39;49;00m
            [94mfor[39;49;00m fn [95min[39;49;00m [96mself[39;49;00m.dispatch.before_cursor_execute:[90m[39;49;00m
                str_statement, effective_parameters = fn([90m[39;49;00m
                    [96mself[39;49;00m,[90m[39;49;00m
                    cursor,[90m[39;49;00m
                    str_statement,[90m[39;49;00m
                    effective_parameters,[90m[39;49;00m
                    context,[90m[39;49;00m
                    context.executemany,[90m[39;49;00m
                )[90m[39;49;00m
    [90m[39;49;00m
        [94mif[39;49;00m [96mself[39;49;00m._echo:[90m[39;49;00m
            [96mself[39;49;00m._log_info(str_statement)[90m[39;49;00m
    [90m[39;49;00m
            stats = context._get_cache_stats()[90m[39;49;00m
    [90m[39;49;00m
            [94mif[39;49;00m [95mnot[39;49;00m [96mself[39;49;00m.engine.hide_parameters:[90m[39;49;00m
                [96mself[39;49;00m._log_info([90m[39;49;00m
                    [33m"[39;49;00m[33m[[39;49;00m[33m%s[39;49;00m[33m] [39;49;00m[33m%r[39;49;00m[33m"[39;49;00m,[90m[39;49;00m
                    stats,[90m[39;49;00m
                    sql_util._repr_params([90m[39;49;00m
                        effective_parameters,[90m[39;49;00m
                        batches=[94m10[39;49;00m,[90m[39;49;00m
                        ismulti=context.executemany,[90m[39;49;00m
                    ),[90m[39;49;00m
                )[90m[39;49;00m
            [94melse[39;49;00m:[90m[39;49;00m
                [96mself[39;49;00m._log_info([90m[39;49;00m
                    [33m"[39;49;00m[33m[[39;49;00m[33m%s[39;49;00m[33m] [SQL parameters hidden due to hide_parameters=True][39;49;00m[33m"[39;49;00m,[90m[39;49;00m
                    stats,[90m[39;49;00m
                )[90m[39;49;00m
    [90m[39;49;00m
        evt_handled: [96mbool[39;49;00m = [94mFalse[39;49;00m[90m[39;49;00m
        [94mtry[39;49;00m:[90m[39;49;00m
            [94mif[39;49;00m context.execute_style [95mis[39;49;00m ExecuteStyle.EXECUTEMANY:[90m[39;49;00m
                effective_parameters = cast([90m[39;49;00m
                    [33m"[39;49;00m[33m_CoreMultiExecuteParams[39;49;00m[33m"[39;49;00m, effective_parameters[90m[39;49;00m
                )[90m[39;49;00m
                [94mif[39;49;00m [96mself[39;49;00m.dialect._has_events:[90m[39;49;00m
                    [94mfor[39;49;00m fn [95min[39;49;00m [96mself[39;49;00m.dialect.dispatch.do_executemany:[90m[39;49;00m
                        [94mif[39;49;00m fn([90m[39;49;00m
                            cursor,[90m[39;49;00m
                            str_statement,[90m[39;49;00m
                            effective_parameters,[90m[39;49;00m
                            context,[90m[39;49;00m
                        ):[90m[39;49;00m
                            evt_handled = [94mTrue[39;49;00m[90m[39;49;00m
                            [94mbreak[39;49;00m[90m[39;49;00m
                [94mif[39;49;00m [95mnot[39;49;00m evt_handled:[90m[39;49;00m
                    [96mself[39;49;00m.dialect.do_executemany([90m[39;49;00m
                        cursor,[90m[39;49;00m
                        str_statement,[90m[39;49;00m
                        effective_parameters,[90m[39;49;00m
                        context,[90m[39;49;00m
                    )[90m[39;49;00m
            [94melif[39;49;00m [95mnot[39;49;00m effective_parameters [95mand[39;49;00m context.no_parameters:[90m[39;49;00m
                [94mif[39;49;00m [96mself[39;49;00m.dialect._has_events:[90m[39;49;00m
                    [94mfor[39;49;00m fn [95min[39;49;00m [96mself[39;49;00m.dialect.dispatch.do_execute_no_params:[90m[39;49;00m
                        [94mif[39;49;00m fn(cursor, str_statement, context):[90m[39;49;00m
                            evt_handled = [94mTrue[39;49;00m[90m[39;49;00m
                            [94mbreak[39;49;00m[90m[39;49;00m
                [94mif[39;49;00m [95mnot[39;49;00m evt_handled:[90m[39;49;00m
                    [96mself[39;49;00m.dialect.do_execute_no_params([90m[39;49;00m
                        cursor, str_statement, context[90m[39;49;00m
                    )[90m[39;49;00m
            [94melse[39;49;00m:[90m[39;49;00m
                effective_parameters = cast([90m[39;49;00m
                    [33m"[39;49;00m[33m_CoreSingleExecuteParams[39;49;00m[33m"[39;49;00m, effective_parameters[90m[39;49;00m
                )[90m[39;49;00m
                [94mif[39;49;00m [96mself[39;49;00m.dialect._has_events:[90m[39;49;00m
                    [94mfor[39;49;00m fn [95min[39;49;00m [96mself[39;49;00m.dialect.dispatch.do_execute:[90m[39;49;00m
                        [94mif[39;49;00m fn([90m[39;49;00m
                            cursor,[90m[39;49;00m
                            str_statement,[90m[39;49;00m
                            effective_parameters,[90m[39;49;00m
                            context,[90m[39;49;00m
                        ):[90m[39;49;00m
                            evt_handled = [94mTrue[39;49;00m[90m[39;49;00m
                            [94mbreak[39;49;00m[90m[39;49;00m
                [94mif[39;49;00m [95mnot[39;49;00m evt_handled:[90m[39;49;00m
>                   [96mself[39;49;00m.dialect.do_execute([90m[39;49;00m
                        cursor, str_statement, effective_parameters, context[90m[39;49;00m
                    )[90m[39;49;00m

[1m[31m/usr/local/lib/python3.14/site-packages/sqlalchemy/engine/base.py[0m:1967: 
_ _ _ _ _ _ _ _ _ _ _ _ _ _ _ _ _ _ _ _ _ _ _ _ _ _ _ _ _ _ _ _ _ _ _ _ _ _ _ _ 
[1m[31m/usr/local/lib/python3.14/site-packages/sqlalchemy/engine/default.py[0m:952: in do_execute
    [0mcursor.execute(statement, parameters)[90m[39;49;00m
[1m[31m/usr/local/lib/python3.14/site-packages/sqlalchemy/dialects/postgresql/asyncpg.py[0m:585: in execute
    [0m[96mself[39;49;00m._adapt_connection.await_([90m[39;49;00m
[1m[31m/usr/local/lib/python3.14/site-packages/sqlalchemy/util/_concurrency_py3k.py[0m:132: in await_only
    [0m[94mreturn[39;49;00m current.parent.switch(awaitable)  [90m# type: ignore[no-any-return,attr-defined] # noqa: E501[39;49;00m[90m[39;49;00m
           ^^^^^^^^^^^^^^^^^^^^^^^^^^^^^^^^[90m[39;49;00m
[1m[31m/usr/local/lib/python3.14/site-packages/sqlalchemy/util/_concurrency_py3k.py[0m:196: in greenlet_spawn
    [0mvalue = [94mawait[39;49;00m result[90m[39;49;00m
            ^^^^^^^^^^^^[90m[39;49;00m
[1m[31m/usr/local/lib/python3.14/site-packages/sqlalchemy/dialects/postgresql/asyncpg.py[0m:520: in _prepare_and_execute
    [0m[94mawait[39;49;00m adapt_connection._start_transaction()[90m[39;49;00m
[1m[31m/usr/local/lib/python3.14/site-packages/sqlalchemy/dialects/postgresql/asyncpg.py[0m:850: in _start_transaction
    [0m[96mself[39;49;00m._handle_exception(error)[90m[39;49;00m
_ _ _ _ _ _ _ _ _ _ _ _ _ _ _ _ _ _ _ _ _ _ _ _ _ _ _ _ _ _ _ _ _ _ _ _ _ _ _ _ 

self = <AdaptedConnection <asyncpg.connection.Connection object at 0x718bc9461310>>
error = InterfaceError('cannot perform operation: another operation is in progress')

    [0m[94mdef[39;49;00m[90m [39;49;00m[92m_handle_exception[39;49;00m([96mself[39;49;00m, error):[90m[39;49;00m
        [94mif[39;49;00m [96mself[39;49;00m._connection.is_closed():[90m[39;49;00m
            [96mself[39;49;00m._transaction = [94mNone[39;49;00m[90m[39;49;00m
            [96mself[39;49;00m._started = [94mFalse[39;49;00m[90m[39;49;00m
    [90m[39;49;00m
        [94mif[39;49;00m [95mnot[39;49;00m [96misinstance[39;49;00m(error, AsyncAdapt_asyncpg_dbapi.Error):[90m[39;49;00m
            exception_mapping = [96mself[39;49;00m.dbapi._asyncpg_error_translate[90m[39;49;00m
    [90m[39;49;00m
            [94mfor[39;49;00m super_ [95min[39;49;00m [96mtype[39;49;00m(error).[91m__mro__[39;49;00m:[90m[39;49;00m
                [94mif[39;49;00m super_ [95min[39;49;00m exception_mapping:[90m[39;49;00m
                    translated_error = exception_mapping[super_]([90m[39;49;00m
                        [33m"[39;49;00m[33m%s[39;49;00m[33m: [39;49;00m[33m%s[39;49;00m[33m"[39;49;00m % ([96mtype[39;49;00m(error), error)[90m[39;49;00m
                    )[90m[39;49;00m
                    translated_error.pgcode = translated_error.sqlstate = ([90m[39;49;00m
                        [96mgetattr[39;49;00m(error, [33m"[39;49;00m[33msqlstate[39;49;00m[33m"[39;49;00m, [94mNone[39;49;00m)[90m[39;49;00m
                    )[90m[39;49;00m
>                   [94mraise[39;49;00m translated_error [94mfrom[39;49;00m[90m [39;49;00m[04m[96merror[39;49;00m[90m[39;49;00m
[1m[31mE                   sqlalchemy.dialects.postgresql.asyncpg.AsyncAdapt_asyncpg_dbapi.InterfaceError: <class 'asyncpg.exceptions._base.InterfaceError'>: cannot perform operation: another operation is in progress[0m

[1m[31m/usr/local/lib/python3.14/site-packages/sqlalchemy/dialects/postgresql/asyncpg.py[0m:797: InterfaceError

[33mThe above exception was the direct cause of the following exception:[0m

    [0m[37m@pytest[39;49;00m.fixture(autouse=[94mTrue[39;49;00m)[90m[39;49;00m
    [94masync[39;49;00m [94mdef[39;49;00m[90m [39;49;00m[92mcleanup_db[39;49;00m():[90m[39;49;00m
        [94myield[39;49;00m[90m[39;49;00m
        [94masync[39;49;00m [94mwith[39;49;00m async_session_maker() [94mas[39;49;00m session:[90m[39;49;00m
>           [94mawait[39;49;00m session.execute(delete(Alert))[90m[39;49;00m

[1m[31mtests/test_integration.py[0m:31: 
_ _ _ _ _ _ _ _ _ _ _ _ _ _ _ _ _ _ _ _ _ _ _ _ _ _ _ _ _ _ _ _ _ _ _ _ _ _ _ _ 
[1m[31m/usr/local/lib/python3.14/site-packages/sqlalchemy/ext/asyncio/session.py[0m:449: in execute
    [0mresult = [94mawait[39;49;00m greenlet_spawn([90m[39;49;00m
[1m[31m/usr/local/lib/python3.14/site-packages/sqlalchemy/util/_concurrency_py3k.py[0m:201: in greenlet_spawn
    [0mresult = context.throw(*sys.exc_info())[90m[39;49;00m
             ^^^^^^^^^^^^^^^^^^^^^^^^^^^^^^[90m[39;49;00m
[1m[31m/usr/local/lib/python3.14/site-packages/sqlalchemy/orm/session.py[0m:2351: in execute
    [0m[94mreturn[39;49;00m [96mself[39;49;00m._execute_internal([90m[39;49;00m
[1m[31m/usr/local/lib/python3.14/site-packages/sqlalchemy/orm/session.py[0m:2249: in _execute_internal
    [0mresult: Result[Any] = compile_state_cls.orm_execute_statement([90m[39;49;00m
[1m[31m/usr/local/lib/python3.14/site-packages/sqlalchemy/orm/bulk_persistence.py[0m:2033: in orm_execute_statement
    [0m[94mreturn[39;49;00m [96msuper[39;49;00m().orm_execute_statement([90m[39;49;00m
[1m[31m/usr/local/lib/python3.14/site-packages/sqlalchemy/orm/context.py[0m:306: in orm_execute_statement
    [0mresult = conn.execute([90m[39;49;00m
[1m[31m/usr/local/lib/python3.14/site-packages/sqlalchemy/engine/base.py[0m:1419: in execute
    [0m[94mreturn[39;49;00m meth([90m[39;49;00m
[1m[31m/usr/local/lib/python3.14/site-packages/sqlalchemy/sql/elements.py[0m:527: in _execute_on_connection
    [0m[94mreturn[39;49;00m connection._execute_clauseelement([90m[39;49;00m
[1m[31m/usr/local/lib/python3.14/site-packages/sqlalchemy/engine/base.py[0m:1641: in _execute_clauseelement
    [0mret = [96mself[39;49;00m._execute_context([90m[39;49;00m
[1m[31m/usr/local/lib/python3.14/site-packages/sqlalchemy/engine/base.py[0m:1846: in _execute_context
    [0m[94mreturn[39;49;00m [96mself[39;49;00m._exec_single_context([90m[39;49;00m
[1m[31m/usr/local/lib/python3.14/site-packages/sqlalchemy/engine/base.py[0m:1986: in _exec_single_context
    [0m[96mself[39;49;00m._handle_dbapi_exception([90m[39;49;00m
[1m[31m/usr/local/lib/python3.14/site-packages/sqlalchemy/engine/base.py[0m:2363: in _handle_dbapi_exception
    [0m[94mraise[39;49;00m sqlalchemy_exception.with_traceback(exc_info[[94m2[39;49;00m]) [94mfrom[39;49;00m[90m [39;49;00m[04m[96me[39;49;00m[90m[39;49;00m
[1m[31m/usr/local/lib/python3.14/site-packages/sqlalchemy/engine/base.py[0m:1967: in _exec_single_context
    [0m[96mself[39;49;00m.dialect.do_execute([90m[39;49;00m
[1m[31m/usr/local/lib/python3.14/site-packages/sqlalchemy/engine/default.py[0m:952: in do_execute
    [0mcursor.execute(statement, parameters)[90m[39;49;00m
[1m[31m/usr/local/lib/python3.14/site-packages/sqlalchemy/dialects/postgresql/asyncpg.py[0m:585: in execute
    [0m[96mself[39;49;00m._adapt_connection.await_([90m[39;49;00m
[1m[31m/usr/local/lib/python3.14/site-packages/sqlalchemy/util/_concurrency_py3k.py[0m:132: in await_only
    [0m[94mreturn[39;49;00m current.parent.switch(awaitable)  [90m# type: ignore[no-any-return,attr-defined] # noqa: E501[39;49;00m[90m[39;49;00m
           ^^^^^^^^^^^^^^^^^^^^^^^^^^^^^^^^[90m[39;49;00m
[1m[31m/usr/local/lib/python3.14/site-packages/sqlalchemy/util/_concurrency_py3k.py[0m:196: in greenlet_spawn
    [0mvalue = [94mawait[39;49;00m result[90m[39;49;00m
            ^^^^^^^^^^^^[90m[39;49;00m
[1m[31m/usr/local/lib/python3.14/site-packages/sqlalchemy/dialects/postgresql/asyncpg.py[0m:520: in _prepare_and_execute
    [0m[94mawait[39;49;00m adapt_connection._start_transaction()[90m[39;49;00m
[1m[31m/usr/local/lib/python3.14/site-packages/sqlalchemy/dialects/postgresql/asyncpg.py[0m:850: in _start_transaction
    [0m[96mself[39;49;00m._handle_exception(error)[90m[39;49;00m
_ _ _ _ _ _ _ _ _ _ _ _ _ _ _ _ _ _ _ _ _ _ _ _ _ _ _ _ _ _ _ _ _ _ _ _ _ _ _ _ 

self = <AdaptedConnection <asyncpg.connection.Connection object at 0x718bc9461310>>
error = InterfaceError('cannot perform operation: another operation is in progress')

    [0m[94mdef[39;49;00m[90m [39;49;00m[92m_handle_exception[39;49;00m([96mself[39;49;00m, error):[90m[39;49;00m
        [94mif[39;49;00m [96mself[39;49;00m._connection.is_closed():[90m[39;49;00m
            [96mself[39;49;00m._transaction = [94mNone[39;49;00m[90m[39;49;00m
            [96mself[39;49;00m._started = [94mFalse[39;49;00m[90m[39;49;00m
    [90m[39;49;00m
        [94mif[39;49;00m [95mnot[39;49;00m [96misinstance[39;49;00m(error, AsyncAdapt_asyncpg_dbapi.Error):[90m[39;49;00m
            exception_mapping = [96mself[39;49;00m.dbapi._asyncpg_error_translate[90m[39;49;00m
    [90m[39;49;00m
            [94mfor[39;49;00m super_ [95min[39;49;00m [96mtype[39;49;00m(error).[91m__mro__[39;49;00m:[90m[39;49;00m
                [94mif[39;49;00m super_ [95min[39;49;00m exception_mapping:[90m[39;49;00m
                    translated_error = exception_mapping[super_]([90m[39;49;00m
                        [33m"[39;49;00m[33m%s[39;49;00m[33m: [39;49;00m[33m%s[39;49;00m[33m"[39;49;00m % ([96mtype[39;49;00m(error), error)[90m[39;49;00m
                    )[90m[39;49;00m
                    translated_error.pgcode = translated_error.sqlstate = ([90m[39;49;00m
                        [96mgetattr[39;49;00m(error, [33m"[39;49;00m[33msqlstate[39;49;00m[33m"[39;49;00m, [94mNone[39;49;00m)[90m[39;49;00m
                    )[90m[39;49;00m
>                   [94mraise[39;49;00m translated_error [94mfrom[39;49;00m[90m [39;49;00m[04m[96merror[39;49;00m[90m[39;49;00m
[1m[31mE                   sqlalchemy.exc.InterfaceError: (sqlalchemy.dialects.postgresql.asyncpg.InterfaceError) <class 'asyncpg.exceptions._base.InterfaceError'>: cannot perform operation: another operation is in progress[0m
[1m[31mE                   [SQL: DELETE FROM alerts][0m
[1m[31mE                   (Background on this error at: https://sqlalche.me/e/20/rvf5)[0m

[1m[31m/usr/local/lib/python3.14/site-packages/sqlalchemy/dialects/postgresql/asyncpg.py[0m:797: InterfaceError
[31m[1m_ ERROR at teardown of TestAlertGeneration.test_alert_created_after_file_processing _[0m

self = <AdaptedConnection <asyncpg.connection.Connection object at 0x718bc9461310>>

    [0m[94masync[39;49;00m [94mdef[39;49;00m[90m [39;49;00m[92m_start_transaction[39;49;00m([96mself[39;49;00m):[90m[39;49;00m
        [94mif[39;49;00m [96mself[39;49;00m.isolation_level == [33m"[39;49;00m[33mautocommit[39;49;00m[33m"[39;49;00m:[90m[39;49;00m
            [94mreturn[39;49;00m[90m[39;49;00m
    [90m[39;49;00m
        [94mtry[39;49;00m:[90m[39;49;00m
            [96mself[39;49;00m._transaction = [96mself[39;49;00m._connection.transaction([90m[39;49;00m
                isolation=[96mself[39;49;00m.isolation_level,[90m[39;49;00m
                readonly=[96mself[39;49;00m.readonly,[90m[39;49;00m
                deferrable=[96mself[39;49;00m.deferrable,[90m[39;49;00m
            )[90m[39;49;00m
>           [94mawait[39;49;00m [96mself[39;49;00m._transaction.start()[90m[39;49;00m

[1m[31m/usr/local/lib/python3.14/site-packages/sqlalchemy/dialects/postgresql/asyncpg.py[0m:848: 
_ _ _ _ _ _ _ _ _ _ _ _ _ _ _ _ _ _ _ _ _ _ _ _ _ _ _ _ _ _ _ _ _ _ _ _ _ _ _ _ 
[1m[31m/usr/local/lib/python3.14/site-packages/asyncpg/transaction.py[0m:146: in start
    [0m[94mawait[39;49;00m [96mself[39;49;00m._connection.execute(query)[90m[39;49;00m
[1m[31m/usr/local/lib/python3.14/site-packages/asyncpg/connection.py[0m:354: in execute
    [0mresult = [94mawait[39;49;00m [96mself[39;49;00m._protocol.query(query, timeout)[90m[39;49;00m
             ^^^^^^^^^^^^^^^^^^^^^^^^^^^^^^^^^^^^^^^^^^[90m[39;49;00m
[1m[31masyncpg/protocol/protocol.pyx[0m:354: in query
    [0m[96mself[39;49;00m._check_state()[90m[39;49;00m
_ _ _ _ _ _ _ _ _ _ _ _ _ _ _ _ _ _ _ _ _ _ _ _ _ _ _ _ _ _ _ _ _ _ _ _ _ _ _ _ 

>   [0m[94mraise[39;49;00m apg_exc.InterfaceError([90m[39;49;00m
[1m[31mE   asyncpg.exceptions._base.InterfaceError: cannot perform operation: another operation is in progress[0m

[1m[31masyncpg/protocol/protocol.pyx[0m:735: InterfaceError

[33mThe above exception was the direct cause of the following exception:[0m

self = <sqlalchemy.engine.base.Connection object at 0x718bc29d7110>
dialect = <sqlalchemy.dialects.postgresql.asyncpg.PGDialect_asyncpg object at 0x718bc9a40050>
context = <sqlalchemy.dialects.postgresql.asyncpg.PGExecutionContext_asyncpg object at 0x718bc804f5c0>
statement = <sqlalchemy.dialects.postgresql.asyncpg.PGCompiler_asyncpg object at 0x718bc95d16d0>
parameters = [()]

    [0m[94mdef[39;49;00m[90m [39;49;00m[92m_exec_single_context[39;49;00m([90m[39;49;00m
        [96mself[39;49;00m,[90m[39;49;00m
        dialect: Dialect,[90m[39;49;00m
        context: ExecutionContext,[90m[39;49;00m
        statement: Union[[96mstr[39;49;00m, Compiled],[90m[39;49;00m
        parameters: Optional[_AnyMultiExecuteParams],[90m[39;49;00m
    ) -> CursorResult[Any]:[90m[39;49;00m
    [90m    [39;49;00m[33m"""continue the _execute_context() method for a single DBAPI[39;49;00m
    [33m    cursor.execute() or cursor.executemany() call.[39;49;00m
    [33m[39;49;00m
    [33m    """[39;49;00m[90m[39;49;00m
        [94mif[39;49;00m dialect.bind_typing [95mis[39;49;00m BindTyping.SETINPUTSIZES:[90m[39;49;00m
            generic_setinputsizes = context._prepare_set_input_sizes()[90m[39;49;00m
    [90m[39;49;00m
            [94mif[39;49;00m generic_setinputsizes:[90m[39;49;00m
                [94mtry[39;49;00m:[90m[39;49;00m
                    dialect.do_set_input_sizes([90m[39;49;00m
                        context.cursor, generic_setinputsizes, context[90m[39;49;00m
                    )[90m[39;49;00m
                [94mexcept[39;49;00m [96mBaseException[39;49;00m [94mas[39;49;00m e:[90m[39;49;00m
                    [96mself[39;49;00m._handle_dbapi_exception([90m[39;49;00m
                        e, [96mstr[39;49;00m(statement), parameters, [94mNone[39;49;00m, context[90m[39;49;00m
                    )[90m[39;49;00m
    [90m[39;49;00m
        cursor, str_statement, parameters = ([90m[39;49;00m
            context.cursor,[90m[39;49;00m
            context.statement,[90m[39;49;00m
            context.parameters,[90m[39;49;00m
        )[90m[39;49;00m
    [90m[39;49;00m
        effective_parameters: Optional[_AnyExecuteParams][90m[39;49;00m
    [90m[39;49;00m
        [94mif[39;49;00m [95mnot[39;49;00m context.executemany:[90m[39;49;00m
            effective_parameters = parameters[[94m0[39;49;00m][90m[39;49;00m
        [94melse[39;49;00m:[90m[39;49;00m
            effective_parameters = parameters[90m[39;49;00m
    [90m[39;49;00m
        [94mif[39;49;00m [96mself[39;49;00m._has_events [95mor[39;49;00m [96mself[39;49;00m.engine._has_events:[90m[39;49;00m
            [94mfor[39;49;00m fn [95min[39;49;00m [96mself[39;49;00m.dispatch.before_cursor_execute:[90m[39;49;00m
                str_statement, effective_parameters = fn([90m[39;49;00m
                    [96mself[39;49;00m,[90m[39;49;00m
                    cursor,[90m[39;49;00m
                    str_statement,[90m[39;49;00m
                    effective_parameters,[90m[39;49;00m
                    context,[90m[39;49;00m
                    context.executemany,[90m[39;49;00m
                )[90m[39;49;00m
    [90m[39;49;00m
        [94mif[39;49;00m [96mself[39;49;00m._echo:[90m[39;49;00m
            [96mself[39;49;00m._log_info(str_statement)[90m[39;49;00m
    [90m[39;49;00m
            stats = context._get_cache_stats()[90m[39;49;00m
    [90m[39;49;00m
            [94mif[39;49;00m [95mnot[39;49;00m [96mself[39;49;00m.engine.hide_parameters:[90m[39;49;00m
                [96mself[39;49;00m._log_info([90m[39;49;00m
                    [33m"[39;49;00m[33m[[39;49;00m[33m%s[39;49;00m[33m] [39;49;00m[33m%r[39;49;00m[33m"[39;49;00m,[90m[39;49;00m
                    stats,[90m[39;49;00m
                    sql_util._repr_params([90m[39;49;00m
                        effective_parameters,[90m[39;49;00m
                        batches=[94m10[39;49;00m,[90m[39;49;00m
                        ismulti=context.executemany,[90m[39;49;00m
                    ),[90m[39;49;00m
                )[90m[39;49;00m
            [94melse[39;49;00m:[90m[39;49;00m
                [96mself[39;49;00m._log_info([90m[39;49;00m
                    [33m"[39;49;00m[33m[[39;49;00m[33m%s[39;49;00m[33m] [SQL parameters hidden due to hide_parameters=True][39;49;00m[33m"[39;49;00m,[90m[39;49;00m
                    stats,[90m[39;49;00m
                )[90m[39;49;00m
    [90m[39;49;00m
        evt_handled: [96mbool[39;49;00m = [94mFalse[39;49;00m[90m[39;49;00m
        [94mtry[39;49;00m:[90m[39;49;00m
            [94mif[39;49;00m context.execute_style [95mis[39;49;00m ExecuteStyle.EXECUTEMANY:[90m[39;49;00m
                effective_parameters = cast([90m[39;49;00m
                    [33m"[39;49;00m[33m_CoreMultiExecuteParams[39;49;00m[33m"[39;49;00m, effective_parameters[90m[39;49;00m
                )[90m[39;49;00m
                [94mif[39;49;00m [96mself[39;49;00m.dialect._has_events:[90m[39;49;00m
                    [94mfor[39;49;00m fn [95min[39;49;00m [96mself[39;49;00m.dialect.dispatch.do_executemany:[90m[39;49;00m
                        [94mif[39;49;00m fn([90m[39;49;00m
                            cursor,[90m[39;49;00m
                            str_statement,[90m[39;49;00m
                            effective_parameters,[90m[39;49;00m
                            context,[90m[39;49;00m
                        ):[90m[39;49;00m
                            evt_handled = [94mTrue[39;49;00m[90m[39;49;00m
                            [94mbreak[39;49;00m[90m[39;49;00m
                [94mif[39;49;00m [95mnot[39;49;00m evt_handled:[90m[39;49;00m
                    [96mself[39;49;00m.dialect.do_executemany([90m[39;49;00m
                        cursor,[90m[39;49;00m
                        str_statement,[90m[39;49;00m
                        effective_parameters,[90m[39;49;00m
                        context,[90m[39;49;00m
                    )[90m[39;49;00m
            [94melif[39;49;00m [95mnot[39;49;00m effective_parameters [95mand[39;49;00m context.no_parameters:[90m[39;49;00m
                [94mif[39;49;00m [96mself[39;49;00m.dialect._has_events:[90m[39;49;00m
                    [94mfor[39;49;00m fn [95min[39;49;00m [96mself[39;49;00m.dialect.dispatch.do_execute_no_params:[90m[39;49;00m
                        [94mif[39;49;00m fn(cursor, str_statement, context):[90m[39;49;00m
                            evt_handled = [94mTrue[39;49;00m[90m[39;49;00m
                            [94mbreak[39;49;00m[90m[39;49;00m
                [94mif[39;49;00m [95mnot[39;49;00m evt_handled:[90m[39;49;00m
                    [96mself[39;49;00m.dialect.do_execute_no_params([90m[39;49;00m
                        cursor, str_statement, context[90m[39;49;00m
                    )[90m[39;49;00m
            [94melse[39;49;00m:[90m[39;49;00m
                effective_parameters = cast([90m[39;49;00m
                    [33m"[39;49;00m[33m_CoreSingleExecuteParams[39;49;00m[33m"[39;49;00m, effective_parameters[90m[39;49;00m
                )[90m[39;49;00m
                [94mif[39;49;00m [96mself[39;49;00m.dialect._has_events:[90m[39;49;00m
                    [94mfor[39;49;00m fn [95min[39;49;00m [96mself[39;49;00m.dialect.dispatch.do_execute:[90m[39;49;00m
                        [94mif[39;49;00m fn([90m[39;49;00m
                            cursor,[90m[39;49;00m
                            str_statement,[90m[39;49;00m
                            effective_parameters,[90m[39;49;00m
                            context,[90m[39;49;00m
                        ):[90m[39;49;00m
                            evt_handled = [94mTrue[39;49;00m[90m[39;49;00m
                            [94mbreak[39;49;00m[90m[39;49;00m
                [94mif[39;49;00m [95mnot[39;49;00m evt_handled:[90m[39;49;00m
>                   [96mself[39;49;00m.dialect.do_execute([90m[39;49;00m
                        cursor, str_statement, effective_parameters, context[90m[39;49;00m
                    )[90m[39;49;00m

[1m[31m/usr/local/lib/python3.14/site-packages/sqlalchemy/engine/base.py[0m:1967: 
_ _ _ _ _ _ _ _ _ _ _ _ _ _ _ _ _ _ _ _ _ _ _ _ _ _ _ _ _ _ _ _ _ _ _ _ _ _ _ _ 
[1m[31m/usr/local/lib/python3.14/site-packages/sqlalchemy/engine/default.py[0m:952: in do_execute
    [0mcursor.execute(statement, parameters)[90m[39;49;00m
[1m[31m/usr/local/lib/python3.14/site-packages/sqlalchemy/dialects/postgresql/asyncpg.py[0m:585: in execute
    [0m[96mself[39;49;00m._adapt_connection.await_([90m[39;49;00m
[1m[31m/usr/local/lib/python3.14/site-packages/sqlalchemy/util/_concurrency_py3k.py[0m:132: in await_only
    [0m[94mreturn[39;49;00m current.parent.switch(awaitable)  [90m# type: ignore[no-any-return,attr-defined] # noqa: E501[39;49;00m[90m[39;49;00m
           ^^^^^^^^^^^^^^^^^^^^^^^^^^^^^^^^[90m[39;49;00m
[1m[31m/usr/local/lib/python3.14/site-packages/sqlalchemy/util/_concurrency_py3k.py[0m:196: in greenlet_spawn
    [0mvalue = [94mawait[39;49;00m result[90m[39;49;00m
            ^^^^^^^^^^^^[90m[39;49;00m
[1m[31m/usr/local/lib/python3.14/site-packages/sqlalchemy/dialects/postgresql/asyncpg.py[0m:520: in _prepare_and_execute
    [0m[94mawait[39;49;00m adapt_connection._start_transaction()[90m[39;49;00m
[1m[31m/usr/local/lib/python3.14/site-packages/sqlalchemy/dialects/postgresql/asyncpg.py[0m:850: in _start_transaction
    [0m[96mself[39;49;00m._handle_exception(error)[90m[39;49;00m
_ _ _ _ _ _ _ _ _ _ _ _ _ _ _ _ _ _ _ _ _ _ _ _ _ _ _ _ _ _ _ _ _ _ _ _ _ _ _ _ 

self = <AdaptedConnection <asyncpg.connection.Connection object at 0x718bc9461310>>
error = InterfaceError('cannot perform operation: another operation is in progress')

    [0m[94mdef[39;49;00m[90m [39;49;00m[92m_handle_exception[39;49;00m([96mself[39;49;00m, error):[90m[39;49;00m
        [94mif[39;49;00m [96mself[39;49;00m._connection.is_closed():[90m[39;49;00m
            [96mself[39;49;00m._transaction = [94mNone[39;49;00m[90m[39;49;00m
            [96mself[39;49;00m._started = [94mFalse[39;49;00m[90m[39;49;00m
    [90m[39;49;00m
        [94mif[39;49;00m [95mnot[39;49;00m [96misinstance[39;49;00m(error, AsyncAdapt_asyncpg_dbapi.Error):[90m[39;49;00m
            exception_mapping = [96mself[39;49;00m.dbapi._asyncpg_error_translate[90m[39;49;00m
    [90m[39;49;00m
            [94mfor[39;49;00m super_ [95min[39;49;00m [96mtype[39;49;00m(error).[91m__mro__[39;49;00m:[90m[39;49;00m
                [94mif[39;49;00m super_ [95min[39;49;00m exception_mapping:[90m[39;49;00m
                    translated_error = exception_mapping[super_]([90m[39;49;00m
                        [33m"[39;49;00m[33m%s[39;49;00m[33m: [39;49;00m[33m%s[39;49;00m[33m"[39;49;00m % ([96mtype[39;49;00m(error), error)[90m[39;49;00m
                    )[90m[39;49;00m
                    translated_error.pgcode = translated_error.sqlstate = ([90m[39;49;00m
                        [96mgetattr[39;49;00m(error, [33m"[39;49;00m[33msqlstate[39;49;00m[33m"[39;49;00m, [94mNone[39;49;00m)[90m[39;49;00m
                    )[90m[39;49;00m
[...]
_ _ _ _ _ _ _ _ _ _ _ _ _ _ _ _ _ _ _ _ _ _ _ _ _ _ _ _ _ _ _ _ _ _ _ _ _ _ _ _ 

self = <AdaptedConnection <asyncpg.connection.Connection object at 0x718bc9461310>>
error = InterfaceError('cannot perform operation: another operation is in progress')

    [0m[94mdef[39;49;00m[90m [39;49;00m[92m_handle_exception[39;49;00m([96mself[39;49;00m, error):[90m[39;49;00m
        [94mif[39;49;00m [96mself[39;49;00m._connection.is_closed():[90m[39;49;00m
            [96mself[39;49;00m._transaction = [94mNone[39;49;00m[90m[39;49;00m
            [96mself[39;49;00m._started = [94mFalse[39;49;00m[90m[39;49;00m
    [90m[39;49;00m
        [94mif[39;49;00m [95mnot[39;49;00m [96misinstance[39;49;00m(error, AsyncAdapt_asyncpg_dbapi.Error):[90m[39;49;00m
            exception_mapping = [96mself[39;49;00m.dbapi._asyncpg_error_translate[90m[39;49;00m
    [90m[39;49;00m
            [94mfor[39;49;00m super_ [95min[39;49;00m [96mtype[39;49;00m(error).[91m__mro__[39;49;00m:[90m[39;49;00m
                [94mif[39;49;00m super_ [95min[39;49;00m exception_mapping:[90m[39;49;00m
                    translated_error = exception_mapping[super_]([90m[39;49;00m
                        [33m"[39;49;00m[33m%s[39;49;00m[33m: [39;49;00m[33m%s[39;49;00m[33m"[39;49;00m % ([96mtype[39;49;00m(error), error)[90m[39;49;00m
                    )[90m[39;49;00m
                    translated_error.pgcode = translated_error.sqlstate = ([90m[39;49;00m
                        [96mgetattr[39;49;00m(error, [33m"[39;49;00m[33msqlstate[39;49;00m[33m"[39;49;00m, [94mNone[39;49;00m)[90m[39;49;00m
                    )[90m[39;49;00m
>                   [94mraise[39;49;00m translated_error [94mfrom[39;49;00m[90m [39;49;00m[04m[96merror[39;49;00m[90m[39;49;00m
[1m[31mE                   sqlalchemy.dialects.postgresql.asyncpg.AsyncAdapt_asyncpg_dbapi.InterfaceError: <class 'asyncpg.exceptions._base.InterfaceError'>: cannot perform operation: another operation is in progress[0m

[1m[31m/usr/local/lib/python3.14/site-packages/sqlalchemy/dialects/postgresql/asyncpg.py[0m:797: InterfaceError

[33mThe above exception was the direct cause of the following exception:[0m

self = <tests.test_integration.TestDownloadIntegrity object at 0x718bc95d1090>
async_client = <httpx.AsyncClient object at 0x718bc31ba450>

    [0m[37m@pytest[39;49;00m.mark.asyncio[90m[39;49;00m
    [94masync[39;49;00m [94mdef[39;49;00m[90m [39;49;00m[92mtest_download_returns_identical_bytes[39;49;00m([96mself[39;49;00m, async_client: AsyncClient):[90m[39;49;00m
        original_content = [33mb[39;49;00m[33m"[39;49;00m[33mBinary content for integrity check [39;49;00m[33m\x00[39;49;00m[33m\x01[39;49;00m[33m\x02[39;49;00m[33m\xff[39;49;00m[33m"[39;49;00m[90m[39;49;00m
        files = {[33m"[39;49;00m[33mfile[39;49;00m[33m"[39;49;00m: ([33m"[39;49;00m[33mbinary.bin[39;49;00m[33m"[39;49;00m, original_content, [33m"[39;49;00m[33mapplication/octet-stream[39;49;00m[33m"[39;49;00m)}[90m[39;49;00m
        data = {[33m"[39;49;00m[33mtitle[39;49;00m[33m"[39;49;00m: [33m"[39;49;00m[33mBinary File[39;49;00m[33m"[39;49;00m}[90m[39;49;00m
    [90m[39;49;00m
>       response = [94mawait[39;49;00m async_client.post([33m"[39;49;00m[33m/files[39;49;00m[33m"[39;49;00m, files=files, data=data)[90m[39;49;00m
                   ^^^^^^^^^^^^^^^^^^^^^^^^^^^^^^^^^^^^^^^^^^^^^^^^^^^^^^^^^[90m[39;49;00m

[1m[31mtests/test_integration.py[0m:156: 
_ _ _ _ _ _ _ _ _ _ _ _ _ _ _ _ _ _ _ _ _ _ _ _ _ _ _ _ _ _ _ _ _ _ _ _ _ _ _ _ 
[1m[31m/usr/local/lib/python3.14/site-packages/httpx/_client.py[0m:1859: in post
    [0m[94mreturn[39;49;00m [94mawait[39;49;00m [96mself[39;49;00m.request([90m[39;49;00m
[1m[31m/usr/local/lib/python3.14/site-packages/httpx/_client.py[0m:1540: in request
    [0m[94mreturn[39;49;00m [94mawait[39;49;00m [96mself[39;49;00m.send(request, auth=auth, follow_redirects=follow_redirects)[90m[39;49;00m
           ^^^^^^^^^^^^^^^^^^^^^^^^^^^^^^^^^^^^^^^^^^^^^^^^^^^^^^^^^^^^^^^^^^^^^^[90m[39;49;00m
[1m[31m/usr/local/lib/python3.14/site-packages/httpx/_client.py[0m:1629: in send
    [0mresponse = [94mawait[39;49;00m [96mself[39;49;00m._send_handling_auth([90m[39;49;00m
[1m[31m/usr/local/lib/python3.14/site-packages/httpx/_client.py[0m:1657: in _send_handling_auth
    [0mresponse = [94mawait[39;49;00m [96mself[39;49;00m._send_handling_redirects([90m[39;49;00m
[1m[31m/usr/local/lib/python3.14/site-packages/httpx/_client.py[0m:1694: in _send_handling_redirects
    [0mresponse = [94mawait[39;49;00m [96mself[39;49;00m._send_single_request(request)[90m[39;49;00m
               ^^^^^^^^^^^^^^^^^^^^^^^^^^^^^^^^^^^^^^^^[90m[39;49;00m
[1m[31m/usr/local/lib/python3.14/site-packages/httpx/_client.py[0m:1730: in _send_single_request
    [0mresponse = [94mawait[39;49;00m transport.handle_async_request(request)[90m[39;49;00m
               ^^^^^^^^^^^^^^^^^^^^^^^^^^^^^^^^^^^^^^^^^^^^^[90m[39;49;00m
[1m[31m/usr/local/lib/python3.14/site-packages/httpx/_transports/asgi.py[0m:170: in handle_async_request
    [0m[94mawait[39;49;00m [96mself[39;49;00m.app(scope, receive, send)[90m[39;49;00m
[1m[31m/usr/local/lib/python3.14/site-packages/fastapi/applications.py[0m:1163: in __call__
    [0m[94mawait[39;49;00m [96msuper[39;49;00m().[92m__call__[39;49;00m(scope, receive, send)[90m[39;49;00m
[1m[31m/usr/local/lib/python3.14/site-packages/starlette/applications.py[0m:90: in __call__
    [0m[94mawait[39;49;00m [96mself[39;49;00m.middleware_stack(scope, receive, send)[90m[39;49;00m
[1m[31m/usr/local/lib/python3.14/site-packages/starlette/middleware/errors.py[0m:186: in __call__
    [0m[94mraise[39;49;00m exc[90m[39;49;00m
[1m[31m/usr/local/lib/python3.14/site-packages/starlette/middleware/errors.py[0m:164: in __call__
    [0m[94mawait[39;49;00m [96mself[39;49;00m.app(scope, receive, _send)[90m[39;49;00m
[1m[31m/usr/local/lib/python3.14/site-packages/starlette/middleware/cors.py[0m:88: in __call__
    [0m[94mawait[39;49;00m [96mself[39;49;00m.app(scope, receive, send)[90m[39;49;00m
[1m[31m/usr/local/lib/python3.14/site-packages/starlette/middleware/exceptions.py[0m:63: in __call__
    [0m[94mawait[39;49;00m wrap_app_handling_exceptions([96mself[39;49;00m.app, conn)(scope, receive, send)[90m[39;49;00m
[1m[31m/usr/local/lib/python3.14/site-packages/starlette/_exception_handler.py[0m:53: in wrapped_app
    [0m[94mraise[39;49;00m exc[90m[39;49;00m
[1m[31m/usr/local/lib/python3.14/site-packages/starlette/_exception_handler.py[0m:42: in wrapped_app
    [0m[94mawait[39;49;00m app(scope, receive, sender)[90m[39;49;00m
[1m[31m/usr/local/lib/python3.14/site-packages/fastapi/middleware/asyncexitstack.py[0m:18: in __call__
    [0m[94mawait[39;49;00m [96mself[39;49;00m.app(scope, receive, send)[90m[39;49;00m
[1m[31m/usr/local/lib/python3.14/site-packages/starlette/routing.py[0m:660: in __call__
    [0m[94mawait[39;49;00m [96mself[39;49;00m.middleware_stack(scope, receive, send)[90m[39;49;00m
[1m[31m/usr/local/lib/python3.14/site-packages/starlette/routing.py[0m:680: in app
    [0m[94mawait[39;49;00m route.handle(scope, receive, send)[90m[39;49;00m
[1m[31m/usr/local/lib/python3.14/site-packages/starlette/routing.py[0m:276: in handle
    [0m[94mawait[39;49;00m [96mself[39;49;00m.app(scope, receive, send)[90m[39;49;00m
[1m[31m/usr/local/lib/python3.14/site-packages/fastapi/routing.py[0m:134: in app
    [0m[94mawait[39;49;00m wrap_app_handling_exceptions(app, request)(scope, receive, send)[90m[39;49;00m
[1m[31m/usr/local/lib/python3.14/site-packages/starlette/_exception_handler.py[0m:53: in wrapped_app
    [0m[94mraise[39;49;00m exc[90m[39;49;00m
[1m[31m/usr/local/lib/python3.14/site-packages/starlette/_exception_handler.py[0m:42: in wrapped_app
    [0m[94mawait[39;49;00m app(scope, receive, sender)[90m[39;49;00m
[1m[31m/usr/local/lib/python3.14/site-packages/fastapi/routing.py[0m:120: in app
    [0mresponse = [94mawait[39;49;00m f(request)[90m[39;49;00m
               ^^^^^^^^^^^^^^^^[90m[39;49;00m
[1m[31m/usr/local/lib/python3.14/site-packages/fastapi/routing.py[0m:674: in app
    [0mraw_response = [94mawait[39;49;00m run_endpoint_function([90m[39;49;00m
[1m[31m/usr/local/lib/python3.14/site-packages/fastapi/routing.py[0m:328: in run_endpoint_function
    [0m[94mreturn[39;49;00m [94mawait[39;49;00m dependant.call(**values)[90m[39;49;00m
           ^^^^^^^^^^^^^^^^^^^^^^^^^^^^^^[90m[39;49;00m
[1m[31msrc/app.py[0m:38: in create_file_view
    [0mfile_item = [94mawait[39;49;00m create_file(title=title, upload_file=file)[90m[39;49;00m
                ^^^^^^^^^^^^^^^^^^^^^^^^^^^^^^^^^^^^^^^^^^^^^^^^[90m[39;49;00m
[1m[31msrc/service.py[0m:67: in create_file
    [0m[94mawait[39;49;00m session.commit()[90m[39;49;00m
[1m[31m/usr/local/lib/python3.14/site-packages/sqlalchemy/ext/asyncio/session.py[0m:1000: in commit
    [0m[94mawait[39;49;00m greenlet_spawn([96mself[39;49;00m.sync_session.commit)[90m[39;49;00m
[1m[31m/usr/local/lib/python3.14/site-packages/sqlalchemy/util/_concurrency_py3k.py[0m:201: in greenlet_spawn
    [0mresult = context.throw(*sys.exc_info())[90m[39;49;00m
             ^^^^^^^^^^^^^^^^^^^^^^^^^^^^^^[90m[39;49;00m
[1m[31m/usr/local/lib/python3.14/site-packages/sqlalchemy/orm/session.py[0m:2030: in commit
    [0mtrans.commit(_to_root=[94mTrue[39;49;00m)[90m[39;49;00m
[1m[31m<string>[0m:2: in commit
    [0m[04m[91m?[39;49;00m[04m[91m?[39;49;00m[04m[91m?[39;49;00m[90m[39;49;00m
[1m[31m/usr/local/lib/python3.14/site-packages/sqlalchemy/orm/state_changes.py[0m:137: in _go
    [0mret_value = fn([96mself[39;49;00m, *arg, **kw)[90m[39;49;00m
                ^^^^^^^^^^^^^^^^^^^^[90m[39;49;00m
[1m[31m/usr/local/lib/python3.14/site-packages/sqlalchemy/orm/session.py[0m:1311: in commit
    [0m[96mself[39;49;00m._prepare_impl()[90m[39;49;00m
[1m[31m<string>[0m:2: in _prepare_impl
    [0m[04m[91m?[39;49;00m[04m[91m?[39;49;00m[04m[91m?[39;49;00m[90m[39;49;00m
[1m[31m/usr/local/lib/python3.14/site-packages/sqlalchemy/orm/state_changes.py[0m:137: in _go
    [0mret_value = fn([96mself[39;49;00m, *arg, **kw)[90m[39;49;00m
                ^^^^^^^^^^^^^^^^^^^^[90m[39;49;00m
[1m[31m/usr/local/lib/python3.14/site-packages/sqlalchemy/orm/session.py[0m:1286: in _prepare_impl
    [0m[96mself[39;49;00m.session.flush()[90m[39;49;00m
[1m[31m/usr/local/lib/python3.14/site-packages/sqlalchemy/orm/session.py[0m:4331: in flush
    [0m[96mself[39;49;00m._flush(objects)[90m[39;49;00m
[1m[31m/usr/local/lib/python3.14/site-packages/sqlalchemy/orm/session.py[0m:4466: in _flush
    [0m[94mwith[39;49;00m util.safe_reraise():[90m[39;49;00m
         ^^^^^^^^^^^^^^^^^^^[90m[39;49;00m
[1m[31m/usr/local/lib/python3.14/site-packages/sqlalchemy/util/langhelpers.py[0m:121: in __exit__
    [0m[94mraise[39;49;00m exc_value.with_traceback(exc_tb)[90m[39;49;00m
[1m[31m/usr/local/lib/python3.14/site-packages/sqlalchemy/orm/session.py[0m:4427: in _flush
    [0mflush_context.execute()[90m[39;49;00m
[1m[31m/usr/local/lib/python3.14/site-packages/sqlalchemy/orm/unitofwork.py[0m:466: in execute
    [0mrec.execute([96mself[39;49;00m)[90m[39;49;00m
[1m[31m/usr/local/lib/python3.14/site-packages/sqlalchemy/orm/unitofwork.py[0m:642: in execute
    [0mutil.preloaded.orm_persistence.save_obj([90m[39;49;00m
[1m[31m/usr/local/lib/python3.14/site-packages/sqlalchemy/orm/persistence.py[0m:93: in save_obj
    [0m_emit_insert_statements([90m[39;49;00m
[1m[31m/usr/local/lib/python3.14/site-packages/sqlalchemy/orm/persistence.py[0m:1233: in _emit_insert_statements
    [0mresult = connection.execute([90m[39;49;00m
[1m[31m/usr/local/lib/python3.14/site-packages/sqlalchemy/engine/base.py[0m:1419: in execute
    [0m[94mreturn[39;49;00m meth([90m[39;49;00m
[1m[31m/usr/local/lib/python3.14/site-packages/sqlalchemy/sql/elements.py[0m:527: in _execute_on_connection
    [0m[94mreturn[39;49;00m connection._execute_clauseelement([90m[39;49;00m
[1m[31m/usr/local/lib/python3.14/site-packages/sqlalchemy/engine/base.py[0m:1641: in _execute_clauseelement
    [0mret = [96mself[39;49;00m._execute_context([90m[39;49;00m
[1m[31m/usr/local/lib/python3.14/site-packages/sqlalchemy/engine/base.py[0m:1846: in _execute_context
    [0m[94mreturn[39;49;00m [96mself[39;49;00m._exec_single_context([90m[39;49;00m
[1m[31m/usr/local/lib/python3.14/site-packages/sqlalchemy/engine/base.py[0m:1986: in _exec_single_context
    [0m[96mself[39;49;00m._handle_dbapi_exception([90m[39;49;00m
[1m[31m/usr/local/lib/python3.14/site-packages/sqlalchemy/engine/base.py[0m:2363: in _handle_dbapi_exception
    [0m[94mraise[39;49;00m sqlalchemy_exception.with_traceback(exc_info[[94m2[39;49;00m]) [94mfrom[39;49;00m[90m [39;49;00m[04m[96me[39;49;00m[90m[39;49;00m
[1m[31m/usr/local/lib/python3.14/site-packages/sqlalchemy/engine/base.py[0m:1967: in _exec_single_context
    [0m[96mself[39;49;00m.dialect.do_execute([90m[39;49;00m
[1m[31m/usr/local/lib/python3.14/site-packages/sqlalchemy/engine/default.py[0m:952: in do_execute
    [0mcursor.execute(statement, parameters)[90m[39;49;00m
[1m[31m/usr/local/lib/python3.14/site-packages/sqlalchemy/dialects/postgresql/asyncpg.py[0m:585: in execute
    [0m[96mself[39;49;00m._adapt_connection.await_([90m[39;49;00m
[1m[31m/usr/local/lib/python3.14/site-packages/sqlalchemy/util/_concurrency_py3k.py[0m:132: in await_only
    [0m[94mreturn[39;49;00m current.parent.switch(awaitable)  [90m# type: ignore[no-any-return,attr-defined] # noqa: E501[39;49;00m[90m[39;49;00m
           ^^^^^^^^^^^^^^^^^^^^^^^^^^^^^^^^[90m[39;49;00m
[1m[31m/usr/local/lib/python3.14/site-packages/sqlalchemy/util/_concurrency_py3k.py[0m:196: in greenlet_spawn
    [0mvalue = [94mawait[39;49;00m result[90m[39;49;00m
            ^^^^^^^^^^^^[90m[39;49;00m
[1m[31m/usr/local/lib/python3.14/site-packages/sqlalchemy/dialects/postgresql/asyncpg.py[0m:520: in _prepare_and_execute
    [0m[94mawait[39;49;00m adapt_connection._start_transaction()[90m[39;49;00m
[1m[31m/usr/local/lib/python3.14/site-packages/sqlalchemy/dialects/postgresql/asyncpg.py[0m:850: in _start_transaction
    [0m[96mself[39;49;00m._handle_exception(error)[90m[39;49;00m
_ _ _ _ _ _ _ _ _ _ _ _ _ _ _ _ _ _ _ _ _ _ _ _ _ _ _ _ _ _ _ _ _ _ _ _ _ _ _ _ 

self = <AdaptedConnection <asyncpg.connection.Connection object at 0x718bc9461310>>
error = InterfaceError('cannot perform operation: another operation is in progress')

    [0m[94mdef[39;49;00m[90m [39;49;00m[92m_handle_exception[39;49;00m([96mself[39;49;00m, error):[90m[39;49;00m
        [94mif[39;49;00m [96mself[39;49;00m._connection.is_closed():[90m[39;49;00m
            [96mself[39;49;00m._transaction = [94mNone[39;49;00m[90m[39;49;00m
            [96mself[39;49;00m._started = [94mFalse[39;49;00m[90m[39;49;00m
    [90m[39;49;00m
        [94mif[39;49;00m [95mnot[39;49;00m [96misinstance[39;49;00m(error, AsyncAdapt_asyncpg_dbapi.Error):[90m[39;49;00m
            exception_mapping = [96mself[39;49;00m.dbapi._asyncpg_error_translate[90m[39;49;00m
    [90m[39;49;00m
            [94mfor[39;49;00m super_ [95min[39;49;00m [96mtype[39;49;00m(error).[91m__mro__[39;49;00m:[90m[39;49;00m
                [94mif[39;49;00m super_ [95min[39;49;00m exception_mapping:[90m[39;49;00m
                    translated_error = exception_mapping[super_]([90m[39;49;00m
                        [33m"[39;49;00m[33m%s[39;49;00m[33m: [39;49;00m[33m%s[39;49;00m[33m"[39;49;00m % ([96mtype[39;49;00m(error), error)[90m[39;49;00m
                    )[90m[39;49;00m
                    translated_error.pgcode = translated_error.sqlstate = ([90m[39;49;00m
                        [96mgetattr[39;49;00m(error, [33m"[39;49;00m[33msqlstate[39;49;00m[33m"[39;49;00m, [94mNone[39;49;00m)[90m[39;49;00m
                    )[90m[39;49;00m
>                   [94mraise[39;49;00m translated_error [94mfrom[39;49;00m[90m [39;49;00m[04m[96merror[39;49;00m[90m[39;49;00m
[1m[31mE                   sqlalchemy.exc.InterfaceError: (sqlalchemy.dialects.postgresql.asyncpg.InterfaceError) <class 'asyncpg.exceptions._base.InterfaceError'>: cannot perform operation: another operation is in progress[0m
[1m[31mE                   [SQL: INSERT INTO files (id, title, original_name, stored_name, mime_type, size, processing_status, scan_status, scan_details, requires_attention) VALUES ($1::VARCHAR, $2::VARCHAR, $3::VARCHAR, $4::VARCHAR, $5::VARCHAR, $6::INTEGER, $7::VARCHAR, $8::VARCHAR, $9::VARCHAR, $10::BOOLEAN) RETURNING files.created_at, files.updated_at][0m
[1m[31mE                   [parameters: ('c5513f7f-7754-497f-8aa3-99fdbb622d18', 'Binary File', 'binary.bin', 'c5513f7f-7754-497f-8aa3-99fdbb622d18.bin', 'application/octet-stream', 39, 'uploaded', None, None, False)][0m
[1m[31mE                   (Background on this error at: https://sqlalche.me/e/20/rvf5)[0m

[1m[31m/usr/local/lib/python3.14/site-packages/sqlalchemy/dialects/postgresql/asyncpg.py[0m:797: InterfaceError
[36m[1m=========================== short test summary info ============================[0m
[31mFAILED[0m tests/test_integration.py::[1mTestThreatScanning::test_safe_file_txt_gets_clean_scan[0m - RuntimeError: Task <Task pending name='Task-13' coro=<TestThreatScanning.te...
[31mFAILED[0m tests/test_integration.py::[1mTestThreatScanning::test_suspicious_file_exe_gets_suspicious_scan[0m - sqlalchemy.exc.InterfaceError: (sqlalchemy.dialects.postgresql.asyncpg.Inte...
[31mFAILED[0m tests/test_integration.py::[1mTestMetadataExtraction::test_text_file_metadata_contains_line_and_char_count[0m - sqlalchemy.exc.InterfaceError: (sqlalchemy.dialects.postgresql.asyncpg.Inte...
[31mFAILED[0m tests/test_integration.py::[1mTestAlertGeneration::test_alert_created_after_file_processing[0m - sqlalchemy.exc.InterfaceError: (sqlalchemy.dialects.postgresql.asyncpg.Inte...
[31mFAILED[0m tests/test_integration.py::[1mTestDownloadIntegrity::test_download_returns_identical_bytes[0m - sqlalchemy.exc.InterfaceError: (sqlalchemy.dialects.postgresql.asyncpg.Inte...
[31mERROR[0m tests/test_integration.py::[1mTestThreatScanning::test_safe_file_txt_gets_clean_scan[0m - sqlalchemy.exc.InterfaceError: (sqlalchemy.dialects.postgresql.asyncpg.Inte...
[31mERROR[0m tests/test_integration.py::[1mTestThreatScanning::test_suspicious_file_exe_gets_suspicious_scan[0m - sqlalchemy.exc.InterfaceError: (sqlalchemy.dialects.postgresql.asyncpg.Inte...
[31mERROR[0m tests/test_integration.py::[1mTestMetadataExtraction::test_text_file_metadata_contains_line_and_char_count[0m - sqlalchemy.exc.InterfaceError: (sqlalchemy.dialects.postgresql.asyncpg.Inte...
[31mERROR[0m tests/test_integration.py::[1mTestAlertGeneration::test_alert_created_after_file_processing[0m - sqlalchemy.exc.InterfaceError: (sqlalchemy.dialects.postgresql.asyncpg.Inte...
[31mERROR[0m tests/test_integration.py::[1mTestDownloadIntegrity::test_download_returns_identical_bytes[0m - sqlalchemy.exc.InterfaceError: (sqlalchemy.dialects.postgresql.asyncpg.Inte...
[31m============== [31m[1m5 failed[0m, [32m1 passed[0m, [33m2 xfailed[0m, [31m[1m5 errors[0m[31m in 23.04s[0m[31m ===============[0m
